Пенг42 euxtjquwo@mail.ru 32 -- Invalid name 'Пенг42'
Пенг grnsf.mail.ru 70 -- Invalid e-mail 'grnsf.mail.ru'
Владимир 8 gumxfigvam -- Invalid e-mail '8'
Джамшут tyyolvkn@ya.ru 7 -- Age must be between 10 and 99!
Дмитрий sdw@gmail.com 101 -- Age must be between 10 and 99!
Ольга kbzjth 13 -- Invalid e-mail 'kbzjth'
Джигурда arlmdlrn@mail.ru 7 -- Age must be between 10 and 99!
Волочкова tgnrnmo@mail.ru 9 -- Age must be between 10 and 99!
Чонгкун iflyyvp.ru 73 -- Invalid e-mail 'iflyyvp.ru'
Ярослав42 ffcbzt@gmail.com 74 -- Invalid name 'Ярослав42'
Яочуан xi@mail.ru 100 -- Age must be between 10 and 99!
Земфира jqwpvljxg@mail.ru 7 -- Age must be between 10 and 99!
Гнойный666 zrjzfsdyqr@mail.ru 95 -- Invalid name 'Гнойный666'
Ярослав 63 jlygzs@gmail.com -- Invalid e-mail '63'
Джамшут lsruraertfigvam 13 -- Invalid e-mail 'lsruraertfigvam'
Яочуан wmzvcqqyve@ya.ru 100 -- Age must be between 10 and 99!
Земфира42 rwkzbyao@gmail.com 68 -- Invalid name 'Земфира42'
Ли iahmkzj@ya.ru 8 -- Age must be between 10 and 99!
Пенг666 ms@ya.ru 93 -- Invalid name 'Пенг666'
Чонгкун ngdbn@ya.ru 101 -- Age must be between 10 and 99!
41 wks@gmail.com -- Not all required data provided!
Тролль oprzfut@ya.ru 7 -- Age must be between 10 and 99!
Михаил yi@mail.ru -- Not all required data provided!
Ольга666 utlpnwgik@ya.ru 68 -- Invalid name 'Ольга666'
Хенг 96 brxe@ya.ru -- Invalid e-mail '96'
Дмитрий zraliqjrtm@gmail.com 7 -- Age must be between 10 and 99!
Дмитрий tubdfigvam 47 -- Invalid e-mail 'tubdfigvam'
Яочуан cgznlvna 98 -- Invalid e-mail 'cgznlvna'
Нагиев fflxrbzszh@ya.ru 101 -- Age must be between 10 and 99!
Геннадий gr@mail.ru 8 -- Age must be between 10 and 99!
wntxmmh@mail.ru -- Not all required data provided!
Анна pj.ru 95 -- Invalid e-mail 'pj.ru'
85 -- Not all required data provided!
Ли666 xxqskfbpvd@gmail.com 14 -- Invalid name 'Ли666'
Яочуан666 gmak@mail.ru 57 -- Invalid name 'Яочуан666'
Джигурда hmyhkidqn@ya.ru 8 -- Age must be between 10 and 99!
Гнойный42 sbhrryli@gmail.com 29 -- Invalid name 'Гнойный42'
Ли42 ktcrzpnp@ya.ru 29 -- Invalid name 'Ли42'
Хенг yefrwjcttf 11 -- Invalid e-mail 'yefrwjcttf'
Анна666 kko@gmail.com 81 -- Invalid name 'Анна666'
Тролль666 nsocnzas.mail.ru 82 -- Invalid name 'Тролль666'
Земфира 86 -- Not all required data provided!
 -- Not all required data provided!
Нагиев qwtqnx@ya.ru 8 -- Age must be between 10 and 99!
Дмитрий qh@mail.ru 7 -- Age must be between 10 and 99!
Анна ljaznlcz@mail.ru 7 -- Age must be between 10 and 99!
Земфира zpfvcvb 97 -- Invalid e-mail 'zpfvcvb'
Ван vbfigvam 93 -- Invalid e-mail 'vbfigvam'
Ван dlvxhrcf 22 -- Invalid e-mail 'dlvxhrcf'
Геннадий 12 lrznx@gmail.com -- Invalid e-mail '12'
48 gfedb@mail.ru -- Not all required data provided!
Пенг libyhk@mail.ru -- Not all required data provided!
Анна42 pcjyji@mail.ru 52 -- Invalid name 'Анна42'
Артём isoxlfcoeb.mail.ru 62 -- Invalid e-mail 'isoxlfcoeb.mail.ru'
Земфира cfsycaqk@gmail.com 9 -- Age must be between 10 and 99!
Земфира xygxmdh@mail.ru 8 -- Age must be between 10 and 99!
Хенг 97 mpqzthnd@mail.ru -- Invalid e-mail '97'
Сянцзян buku@mail.ru 9 -- Age must be between 10 and 99!
Пенг kdcyiitl@mail.ru 9 -- Age must be between 10 and 99!
Гнойный wgmbkof@gmail.com 100 -- Age must be between 10 and 99!
Волочкова42 efe@ya.ru 79 -- Invalid name 'Волочкова42'
64 -- Not all required data provided!
Нагиев666 txccjjszt@ya.ru 17 -- Invalid name 'Нагиев666'
Гнойный ai.ru 36 -- Invalid e-mail 'ai.ru'
Земфира 15 rttzfh@ya.ru -- Invalid e-mail '15'
 -- Not all required data provided!
Ли dyhelbnsiefigvam 31 -- Invalid e-mail 'dyhelbnsiefigvam'
Ольга 65 fl@mail.ru -- Invalid e-mail '65'
Артём elf@mail.ru 101 -- Age must be between 10 and 99!
Бузова42 kcysx@mail.ru 25 -- Invalid name 'Бузова42'
Ван cohymcu.mail.ru 93 -- Invalid e-mail 'cohymcu.mail.ru'
Бузова gqt@ya.ru 8 -- Age must be between 10 and 99!
Пенг lmymg@ya.ru 100 -- Age must be between 10 and 99!
54 dsohvsqen@ya.ru -- Not all required data provided!
Владимир zvmklam 15 -- Invalid e-mail 'zvmklam'
Гнойный kt.mail.ru 91 -- Invalid e-mail 'kt.mail.ru'
91 rvgzbnl@gmail.com -- Not all required data provided!
Ольга dvbnqqtcd@ya.ru 7 -- Age must be between 10 and 99!
Геннадий kvpbwddtk@mail.ru 101 -- Age must be between 10 and 99!
Нагиев 35 txgfbp@gmail.com -- Invalid e-mail '35'
Анна666 ykjlvew@gmail.com 85 -- Invalid name 'Анна666'
Ольга42 wbdv@gmail.com 42 -- Invalid name 'Ольга42'
Ольга42 mgjmyuavwj@mail.ru 25 -- Invalid name 'Ольга42'
Муммий cwxiewt@gmail.com 101 -- Age must be between 10 and 99!
Джигурда fjeiqo.mail.ru 90 -- Invalid e-mail 'fjeiqo.mail.ru'
Ли eowsjrz@ya.ru 7 -- Age must be between 10 and 99!
Артём qqlssl@gmail.com 9 -- Age must be between 10 and 99!
Сянцзян jxognvpf@mail.ru 100 -- Age must be between 10 and 99!
Владимир -- Not all required data provided!
Джамшут redwfigvam 60 -- Invalid e-mail 'redwfigvam'
Тролль!!!!1 tnkugfise@ya.ru 9 -- Invalid name 'Тролль!!!!1'
Ярослав!!!!1 mhfkmlfigvam 35 -- Invalid name 'Ярослав!!!!1'
Земфира lgcrl 83 -- Invalid e-mail 'lgcrl'
Мария plogsfhjr@gmail.com 7 -- Age must be between 10 and 99!
Джигурда666 hirbb@ya.ru 14 -- Invalid name 'Джигурда666'
37 -- Not all required data provided!
Владимир -- Not all required data provided!
Ярослав zektqtg@ya.ru 100 -- Age must be between 10 and 99!
Ли fnz@ya.ru 7 -- Age must be between 10 and 99!
Ярослав jjeowwmen 75 -- Invalid e-mail 'jjeowwmen'
 -- Not all required data provided!
Пенг qlxws@gmail.com 7 -- Age must be between 10 and 99!
Геннадий!!!!1 oqkolaurl@mail.ru 16 -- Invalid name 'Геннадий!!!!1'
Владимир zwmnwxc 69 -- Invalid e-mail 'zwmnwxc'
Джигурда xoq@gmail.com 7 -- Age must be between 10 and 99!
Артём ucgzuvud@gmail.com 9 -- Age must be between 10 and 99!
Земфира 33 xavvzbe@mail.ru -- Invalid e-mail '33'
Гнойный666 dhqinljcm@ya.ru 86 -- Invalid name 'Гнойный666'
 -- Not all required data provided!
Степан doddcyqspo 86 -- Invalid e-mail 'doddcyqspo'
Муммий kfyzcv.mail.ru 38 -- Invalid e-mail 'kfyzcv.mail.ru'
Пенг lfjzkftwfn@ya.ru 8 -- Age must be between 10 and 99!
Муммий kwsdchxc@mail.ru 8 -- Age must be between 10 and 99!
Пенг ycvfigvam 91 -- Invalid e-mail 'ycvfigvam'
Мария uslq@ya.ru 9 -- Age must be between 10 and 99!
Мария666 ax@ya.ru 10 -- Invalid name 'Мария666'
Ольга666 xhpowfavv@mail.ru 16 -- Invalid name 'Ольга666'
 -- Not all required data provided!
Степан btscwz@mail.ru 101 -- Age must be between 10 and 99!
51 -- Not all required data provided!
 -- Not all required data provided!
Чонгкун jiqwzjx 63 -- Invalid e-mail 'jiqwzjx'
Яочуан mtgjp@mail.ru 101 -- Age must be between 10 and 99!
Ольга aorfimupuq@ya.ru 100 -- Age must be between 10 and 99!
Равшан qwj@gmail.com 101 -- Age must be between 10 and 99!
Равшан!!!!1 ee@gmail.com 57 -- Invalid name 'Равшан!!!!1'
Бузова aquuftkrh@gmail.com -- Not all required data provided!
Геннадий 36 nfsxqtabzt@gmail.com -- Invalid e-mail '36'
Михаил hidos@gmail.com 101 -- Age must be between 10 and 99!
Михаил666 pvabwwymp@gmail.com 88 -- Invalid name 'Михаил666'
Нагиев666 xwnmfigvam 59 -- Invalid name 'Нагиев666'
Муммий!!!!1 tsfowgyt@ya.ru 89 -- Invalid name 'Муммий!!!!1'
Равшан666 evayobrerz@mail.ru 52 -- Invalid name 'Равшан666'
 -- Not all required data provided!
Нагиев 72 crek@ya.ru -- Invalid e-mail '72'
Тролль yauqsnry@gmail.com 9 -- Age must be between 10 and 99!
Сянцзян666 phdjniunaf@ya.ru 8 -- Invalid name 'Сянцзян666'
Хенг yneo@mail.ru 8 -- Age must be between 10 and 99!
Ли666 ga@gmail.com 46 -- Invalid name 'Ли666'
Анна wkguvadej 8 -- Invalid e-mail 'wkguvadej'
Равшан42 qrmfi@mail.ru 29 -- Invalid name 'Равшан42'
Волочкова 42 iqqkfxew@mail.ru -- Invalid e-mail '42'
Ольга42 eyplplbdvp@gmail.com 28 -- Invalid name 'Ольга42'
Земфира fnlsuuge 48 -- Invalid e-mail 'fnlsuuge'
Ли znfhr 44 -- Invalid e-mail 'znfhr'
Гнойный 48 iwli@mail.ru -- Invalid e-mail '48'
Ли atqhh.ru 99 -- Invalid e-mail 'atqhh.ru'
Анна!!!!1 bqktw@gmail.com 65 -- Invalid name 'Анна!!!!1'
Чехова rigd@ya.ru 7 -- Age must be between 10 and 99!
98 xp@mail.ru -- Not all required data provided!
Земфира 36 nffdhs@ya.ru -- Invalid e-mail '36'
Муммий 79 -- Not all required data provided!
Волочкова42 toijyvt@gmail.com 7 -- Invalid name 'Волочкова42'
Сянцзян kotbwuibd 39 -- Invalid e-mail 'kotbwuibd'
Нагиев zoz@mail.ru 9 -- Age must be between 10 and 99!
13 eqghsyv@ya.ru -- Not all required data provided!
Геннадий ogn@mail.ru 9 -- Age must be between 10 and 99!
Анна lyrzfigvam 50 -- Invalid e-mail 'lyrzfigvam'
Ван!!!!1 dekbmeygdv@gmail.com 17 -- Invalid name 'Ван!!!!1'
Артём 62 xaxwwtnhm -- Invalid e-mail '62'
Ольга uz@mail.ru 101 -- Age must be between 10 and 99!
Нагиев opru@mail.ru 100 -- Age must be between 10 and 99!
Равшан!!!!1 gfaefwi@gmail.com 79 -- Invalid name 'Равшан!!!!1'
65 iptmugr@mail.ru -- Not all required data provided!
Хенг -- Not all required data provided!
 -- Not all required data provided!
Ли666 lyfmfp@ya.ru 96 -- Invalid name 'Ли666'
Нагиев42 ym@mail.ru 27 -- Invalid name 'Нагиев42'
Анна hffigvam 43 -- Invalid e-mail 'hffigvam'
Ван -- Not all required data provided!
Ярослав 63 sexveg@gmail.com -- Invalid e-mail '63'
Ольга!!!!1 cjujuc@ya.ru 35 -- Invalid name 'Ольга!!!!1'
Пенг loyfqih@mail.ru 7 -- Age must be between 10 and 99!
Равшан nkbkkxutvtfigvam 57 -- Invalid e-mail 'nkbkkxutvtfigvam'
Тролль -- Not all required data provided!
Дмитрий gdpplo@mail.ru 9 -- Age must be between 10 and 99!
Яочуан ulwxku@gmail.com 8 -- Age must be between 10 and 99!
Равшан yva.mail.ru 21 -- Invalid e-mail 'yva.mail.ru'
Ван rtndt 79 -- Invalid e-mail 'rtndt'
Ярослав qlqsfigvam 70 -- Invalid e-mail 'qlqsfigvam'
Мария 72 dgsvr@ya.ru -- Invalid e-mail '72'
Волочкова666 fiyzyx@mail.ru 47 -- Invalid name 'Волочкова666'
Артём hdgpkrw@ya.ru 100 -- Age must be between 10 and 99!
Джамшут666 bkuptdyvdz@ya.ru 61 -- Invalid name 'Джамшут666'
Ли ofkclep@mail.ru 9 -- Age must be between 10 and 99!
Ольга666 mfjyl@mail.ru 22 -- Invalid name 'Ольга666'
Нагиев vqqufigvam 31 -- Invalid e-mail 'vqqufigvam'
Муммий!!!!1 qpodw@mail.ru 32 -- Invalid name 'Муммий!!!!1'
Владимир cnvfq@gmail.com 7 -- Age must be between 10 and 99!
Джигурда!!!!1 zrhuigzsnf@mail.ru 34 -- Invalid name 'Джигурда!!!!1'
Джигурда orcpss@ya.ru 100 -- Age must be between 10 and 99!
Ли boguqbuu@gmail.com 7 -- Age must be between 10 and 99!
Ольга pgtl.ru 98 -- Invalid e-mail 'pgtl.ru'
Мария mspjbfigvam 36 -- Invalid e-mail 'mspjbfigvam'
Сянцзян -- Not all required data provided!
Равшан mdokjjrnvg@mail.ru 7 -- Age must be between 10 and 99!
Мария oig 76 -- Invalid e-mail 'oig'
Тролль ghjropl.mail.ru 85 -- Invalid e-mail 'ghjropl.mail.ru'
Волочкова oe@gmail.com 101 -- Age must be between 10 and 99!
 -- Not all required data provided!
Земфира ybk.ru 85 -- Invalid e-mail 'ybk.ru'
Ольга vocfyjidrb 20 -- Invalid e-mail 'vocfyjidrb'
Тролль vrqgob@mail.ru 8 -- Age must be between 10 and 99!
Мария fqpnhwlj.mail.ru 46 -- Invalid e-mail 'fqpnhwlj.mail.ru'
Ли!!!!1 zhw@mail.ru 10 -- Invalid name 'Ли!!!!1'
Хенг666 agjhusbkoe@gmail.com 33 -- Invalid name 'Хенг666'
Равшан42 ncmjadmmh@ya.ru 95 -- Invalid name 'Равшан42'
58 xomfg@mail.ru -- Not all required data provided!
Нагиев42 wara@mail.ru 24 -- Invalid name 'Нагиев42'
Артём fyypnlxwa@mail.ru 8 -- Age must be between 10 and 99!
Анна uepiyqy@mail.ru 101 -- Age must be between 10 and 99!
Ярослав hhirwcetv 80 -- Invalid e-mail 'hhirwcetv'
Пенг mkuiungv@mail.ru 9 -- Age must be between 10 and 99!
Михаил666 iggl@ya.ru 78 -- Invalid name 'Михаил666'
Пенг fcj@gmail.com 101 -- Age must be between 10 and 99!
 -- Not all required data provided!
Ольга!!!!1 lpqimz@mail.ru 72 -- Invalid name 'Ольга!!!!1'
Волочкова uajtxxoc@gmail.com 100 -- Age must be between 10 and 99!
31 -- Not all required data provided!
Ван yrz.mail.ru 101 -- Invalid e-mail 'yrz.mail.ru'
Геннадий jlonbdf@mail.ru -- Not all required data provided!
Михаил!!!!1 dicke@ya.ru 97 -- Invalid name 'Михаил!!!!1'
Владимир xmwfayrc@ya.ru 8 -- Age must be between 10 and 99!
Ван fvtrkbbenj.ru 26 -- Invalid e-mail 'fvtrkbbenj.ru'
Яочуан bs@mail.ru 7 -- Age must be between 10 and 99!
Ярослав -- Not all required data provided!
Анна42 zcs@mail.ru 42 -- Invalid name 'Анна42'
Муммий 90 -- Not all required data provided!
Анна42 vhhwftfcg@mail.ru 53 -- Invalid name 'Анна42'
Степан jjzi@mail.ru 7 -- Age must be between 10 and 99!
 -- Not all required data provided!
Нагиев666 wteoex@mail.ru 9 -- Invalid name 'Нагиев666'
81 nett@gmail.com -- Not all required data provided!
Дмитрий xb@ya.ru 100 -- Age must be between 10 and 99!
Муммий uiafigvam 62 -- Invalid e-mail 'uiafigvam'
Хенг!!!!1 osyznzo@ya.ru 67 -- Invalid name 'Хенг!!!!1'
Сянцзян666 xregmycxtn@ya.ru 95 -- Invalid name 'Сянцзян666'
Ли lztfjuh 22 -- Invalid e-mail 'lztfjuh'
Геннадий 94 xhuwmic@gmail.com -- Invalid e-mail '94'
 -- Not all required data provided!
Джигурда mwqdkzok.ru 83 -- Invalid e-mail 'mwqdkzok.ru'
Гнойный udxi@gmail.com 101 -- Age must be between 10 and 99!
tq@mail.ru -- Not all required data provided!
Ольга ct@mail.ru 100 -- Age must be between 10 and 99!
Чонгкун42 qhedc@ya.ru 59 -- Invalid name 'Чонгкун42'
Геннадий42 aespu@mail.ru 97 -- Invalid name 'Геннадий42'
Джигурда rn@gmail.com 8 -- Age must be between 10 and 99!
Тролль -- Not all required data provided!
Артём uhhdaycfigvam 18 -- Invalid e-mail 'uhhdaycfigvam'
Дмитрий cbtewsu 100 -- Invalid e-mail 'cbtewsu'
88 owmogsfi@ya.ru -- Not all required data provided!
Волочкова nu.mail.ru 17 -- Invalid e-mail 'nu.mail.ru'
Мария 8 yg@ya.ru -- Invalid e-mail '8'
Чехова lidxddaoqw@mail.ru 100 -- Age must be between 10 and 99!
Чонгкун tylquyseiz@gmail.com 100 -- Age must be between 10 and 99!
Бузова iok@gmail.com 8 -- Age must be between 10 and 99!
Чонгкун -- Not all required data provided!
Земфира -- Not all required data provided!
Геннадий zwf@gmail.com 100 -- Age must be between 10 and 99!
Нагиев 85 bzwdxvy@ya.ru -- Invalid e-mail '85'
Ли dgqm@mail.ru 8 -- Age must be between 10 and 99!
Мария ontqgx@mail.ru 100 -- Age must be between 10 and 99!
Мария deyzithaw@mail.ru 8 -- Age must be between 10 and 99!
Ван sadolr@ya.ru 101 -- Age must be between 10 and 99!
Степан kf@ya.ru 8 -- Age must be between 10 and 99!
Равшан wgusm@gmail.com 9 -- Age must be between 10 and 99!
 -- Not all required data provided!
Земфира uwdvnli@mail.ru 8 -- Age must be between 10 and 99!
16 -- Not all required data provided!
Артём42 su@ya.ru 26 -- Invalid name 'Артём42'
86 -- Not all required data provided!
Хенг edqh 20 -- Invalid e-mail 'edqh'
Анна 99 tqdylq@gmail.com -- Invalid e-mail '99'
Гнойный mvjcfigvam 52 -- Invalid e-mail 'mvjcfigvam'
Геннадий666 baq@gmail.com 74 -- Invalid name 'Геннадий666'
Гнойный esd 9 -- Invalid e-mail 'esd'
Равшан666 tokg@gmail.com 25 -- Invalid name 'Равшан666'
42 -- Not all required data provided!
Ли aeonyiu@mail.ru 9 -- Age must be between 10 and 99!
Яочуан si@gmail.com 7 -- Age must be between 10 and 99!
Степан!!!!1 dvac@gmail.com 94 -- Invalid name 'Степан!!!!1'
Дмитрий 82 pqlmawawd@mail.ru -- Invalid e-mail '82'
Тролль sjxjgkmlq@ya.ru 8 -- Age must be between 10 and 99!
Мария!!!!1 xl@mail.ru 52 -- Invalid name 'Мария!!!!1'
Дмитрий42 fbllfxosnn@mail.ru 94 -- Invalid name 'Дмитрий42'
Ли gnir@gmail.com 7 -- Age must be between 10 and 99!
Ольга ha@ya.ru 9 -- Age must be between 10 and 99!
Геннадий apttruc@gmail.com -- Not all required data provided!
Хенг gjmkdp@gmail.com 9 -- Age must be between 10 and 99!
Джигурда hsdu@ya.ru 101 -- Age must be between 10 and 99!
Гнойный666 qlv@gmail.com 12 -- Invalid name 'Гнойный666'
Муммий pidjfftm@mail.ru 8 -- Age must be between 10 and 99!
Ярослав!!!!1 wu@gmail.com 31 -- Invalid name 'Ярослав!!!!1'
Ярослав42 xec@gmail.com 62 -- Invalid name 'Ярослав42'
Джамшут hpzoktyo@gmail.com 101 -- Age must be between 10 and 99!
Ольга 36 chh@mail.ru -- Invalid e-mail '36'
14 -- Not all required data provided!
ibnwoguc@mail.ru -- Not all required data provided!
Ли nacdtxienb@mail.ru 100 -- Age must be between 10 and 99!
Анна cxkqato@mail.ru 8 -- Age must be between 10 and 99!
Чехова42 owayi@mail.ru 14 -- Invalid name 'Чехова42'
Чонгкун jrhsmdgbx@gmail.com 7 -- Age must be between 10 and 99!
Ярослав qo@mail.ru 9 -- Age must be between 10 and 99!
Анна sba@ya.ru 101 -- Age must be between 10 and 99!
Джамшут666 cckguhj@mail.ru 31 -- Invalid name 'Джамшут666'
Бузова uppchfkyju@gmail.com 9 -- Age must be between 10 and 99!
Ярослав!!!!1 jf@ya.ru 62 -- Invalid name 'Ярослав!!!!1'
Геннадий hjfdi.mail.ru 7 -- Invalid e-mail 'hjfdi.mail.ru'
Гнойный wr@mail.ru 7 -- Age must be between 10 and 99!
Бузова gmm@ya.ru 7 -- Age must be between 10 and 99!
Геннадий abtk 75 -- Invalid e-mail 'abtk'
Ярослав666 jeh 63 -- Invalid name 'Ярослав666'
Михаил42 kzcp@mail.ru 78 -- Invalid name 'Михаил42'
Степан uftoobjxk@mail.ru 8 -- Age must be between 10 and 99!
Ли xfhjyoju@gmail.com 100 -- Age must be between 10 and 99!
Джигурда jxvtxvxwsfigvam 95 -- Invalid e-mail 'jxvtxvxwsfigvam'
Ли666 bqmybd@mail.ru 75 -- Invalid name 'Ли666'
Дмитрий666 ezjv@gmail.com 21 -- Invalid name 'Дмитрий666'
Ван iaphxaoo@gmail.com 8 -- Age must be between 10 and 99!
Чонгкун mhkhqjhmx@gmail.com 7 -- Age must be between 10 and 99!
Яочуан ygdqxja@mail.ru 100 -- Age must be between 10 and 99!
Джамшут666 rndlsfo@gmail.com 12 -- Invalid name 'Джамшут666'
Дмитрий dwymn 20 -- Invalid e-mail 'dwymn'
Ярослав!!!!1 suldafigvam 92 -- Invalid name 'Ярослав!!!!1'
Михаил hmjiuuvvhufigvam 32 -- Invalid e-mail 'hmjiuuvvhufigvam'
99 xyehgwzuu@gmail.com -- Not all required data provided!
66 -- Not all required data provided!
Чонгкун mhycl@gmail.com 9 -- Age must be between 10 and 99!
Пенг vyoik@ya.ru 100 -- Age must be between 10 and 99!
Владимир rinftidh@ya.ru 101 -- Age must be between 10 and 99!
Муммий666 pd@mail.ru 87 -- Invalid name 'Муммий666'
Мария dpbpily@gmail.com 9 -- Age must be between 10 and 99!
yv@mail.ru -- Not all required data provided!
Владимир zrignrbba@gmail.com 8 -- Age must be between 10 and 99!
Земфира lzcsiq.ru 42 -- Invalid e-mail 'lzcsiq.ru'
Яочуан vi.ru 101 -- Invalid e-mail 'vi.ru'
Ли42 nasa@gmail.com 20 -- Invalid name 'Ли42'
Мария ixhn@ya.ru 100 -- Age must be between 10 and 99!
 -- Not all required data provided!
Анна 85 elchvgwknw@gmail.com -- Invalid e-mail '85'
Бузова igr@ya.ru 8 -- Age must be between 10 and 99!
Яочуан ksufmcroha@gmail.com 101 -- Age must be between 10 and 99!
Хенг ngpoldldwl@ya.ru 100 -- Age must be between 10 and 99!
Чонгкун gq@ya.ru 7 -- Age must be between 10 and 99!
89 qhl@mail.ru -- Not all required data provided!
Яочуан iuth@ya.ru 8 -- Age must be between 10 and 99!
Равшан 39 icuzo@ya.ru -- Invalid e-mail '39'
Ольга666 sigmjeofjf@gmail.com 17 -- Invalid name 'Ольга666'
Мария yjuzmr@gmail.com 9 -- Age must be between 10 and 99!
Волочкова666 cgoivrmofg@gmail.com 81 -- Invalid name 'Волочкова666'
Равшан666 nyx@ya.ru 60 -- Invalid name 'Равшан666'
Дмитрий xback@mail.ru 7 -- Age must be between 10 and 99!
Геннадий almb.mail.ru 18 -- Invalid e-mail 'almb.mail.ru'
Ли lc@ya.ru 9 -- Age must be between 10 and 99!
Земфира plslxirp@gmail.com 101 -- Age must be between 10 and 99!
Чехова ssdpstvvxi@gmail.com 7 -- Age must be between 10 and 99!
Ли pcnvxsf@ya.ru 100 -- Age must be between 10 and 99!
Джамшут666 bu@ya.ru 54 -- Invalid name 'Джамшут666'
Джигурда ssecik@ya.ru 7 -- Age must be between 10 and 99!
Михаил!!!!1 ayfunbjvq@mail.ru 91 -- Invalid name 'Михаил!!!!1'
Степан 36 caye@ya.ru -- Invalid e-mail '36'
Дмитрий eyogojynek 26 -- Invalid e-mail 'eyogojynek'
Чехова jtvxk 12 -- Invalid e-mail 'jtvxk'
oy@gmail.com -- Not all required data provided!
Артём iwkukwzt@ya.ru 8 -- Age must be between 10 and 99!
Волочкова kvy@ya.ru 101 -- Age must be between 10 and 99!
Сянцзян dgxpv 82 -- Invalid e-mail 'dgxpv'
Яочуан kcj.mail.ru 11 -- Invalid e-mail 'kcj.mail.ru'
Владимир42 ffkixmon@mail.ru 34 -- Invalid name 'Владимир42'
Джамшут mahks.mail.ru 57 -- Invalid e-mail 'mahks.mail.ru'
Равшан rsy@gmail.com 100 -- Age must be between 10 and 99!
Чехова bjaupakumm.ru 91 -- Invalid e-mail 'bjaupakumm.ru'
Степан 23 -- Not all required data provided!
Тролль mnycx@gmail.com 101 -- Age must be between 10 and 99!
Чехова42 lxfu@gmail.com 45 -- Invalid name 'Чехова42'
Ольга42 thhtgzm@ya.ru 45 -- Invalid name 'Ольга42'
Муммий42 mdtaqsikjf@ya.ru 12 -- Invalid name 'Муммий42'
Хенг crhsca@ya.ru 9 -- Age must be between 10 and 99!
Джамшут phlpzwfffigvam 33 -- Invalid e-mail 'phlpzwfffigvam'
Ярослав -- Not all required data provided!
Геннадий cppmo@mail.ru 8 -- Age must be between 10 and 99!
Артём aqj.ru 17 -- Invalid e-mail 'aqj.ru'
Земфира!!!!1 efz@mail.ru 45 -- Invalid name 'Земфира!!!!1'
Ольга 86 zpawzdafft@gmail.com -- Invalid e-mail '86'
Михаил rtisohbr@mail.ru 101 -- Age must be between 10 and 99!
Бузова42 riltaol@gmail.com 31 -- Invalid name 'Бузова42'
Геннадий 73 jruoid@mail.ru -- Invalid e-mail '73'
xti@ya.ru -- Not all required data provided!
Равшан scpglwfruc.mail.ru 35 -- Invalid e-mail 'scpglwfruc.mail.ru'
Михаил nktbmhacha@ya.ru 101 -- Age must be between 10 and 99!
23 -- Not all required data provided!
Джигурда tjusruw@gmail.com 101 -- Age must be between 10 and 99!
oywlsbomiy@gmail.com -- Not all required data provided!
Геннадий dfmah@gmail.com -- Not all required data provided!
Анна rqcfigvam 58 -- Invalid e-mail 'rqcfigvam'
Геннадий gowp@ya.ru 9 -- Age must be between 10 and 99!
Яочуан hcfigvam 80 -- Invalid e-mail 'hcfigvam'
Геннадий 55 ndb@ya.ru -- Invalid e-mail '55'
Ван zbubzr@gmail.com 7 -- Age must be between 10 and 99!
Ли 74 wgugrckxw@gmail.com -- Invalid e-mail '74'
Яочуан hgxwj@gmail.com 7 -- Age must be between 10 and 99!
Гнойный tygluu@gmail.com 9 -- Age must be between 10 and 99!
Джигурда666 mkogutwr@gmail.com 20 -- Invalid name 'Джигурда666'
Геннадий666 jqw@ya.ru 58 -- Invalid name 'Геннадий666'
Равшан mqg@mail.ru 7 -- Age must be between 10 and 99!
Мария fyqx@gmail.com 101 -- Age must be between 10 and 99!
Мария igqkc 56 -- Invalid e-mail 'igqkc'
Тролль!!!!1 iboxbi@mail.ru 27 -- Invalid name 'Тролль!!!!1'
Ли xm@gmail.com 101 -- Age must be between 10 and 99!
Бузова666 ndoirzuht@gmail.com 35 -- Invalid name 'Бузова666'
 -- Not all required data provided!
Ольга grctgo@mail.ru 101 -- Age must be between 10 and 99!
Ольга666 jkks@ya.ru 88 -- Invalid name 'Ольга666'
14 qjdyda@ya.ru -- Not all required data provided!
Хенг666 dbkxglrtr@gmail.com 20 -- Invalid name 'Хенг666'
Ван twypxwtnqs@ya.ru 8 -- Age must be between 10 and 99!
Ольга -- Not all required data provided!
Яочуан jqrvpik@gmail.com 8 -- Age must be between 10 and 99!
Ярослав nbpbn@ya.ru 100 -- Age must be between 10 and 99!
Пенг 18 -- Not all required data provided!
Ван eqvzujpa@mail.ru 100 -- Age must be between 10 and 99!
Земфира666 mkxfbiglg@ya.ru 25 -- Invalid name 'Земфира666'
Ли vsrbknpi@gmail.com 101 -- Age must be between 10 and 99!
Волочкова42 jplbtuvok@mail.ru 39 -- Invalid name 'Волочкова42'
Степан gggpaqbb 39 -- Invalid e-mail 'gggpaqbb'
Нагиев kdxmdjsfoq@gmail.com 7 -- Age must be between 10 and 99!
Ольга pyitfdyfp.ru 81 -- Invalid e-mail 'pyitfdyfp.ru'
Геннадий 51 ngibl@ya.ru -- Invalid e-mail '51'
Ярослав!!!!1 xd@mail.ru 46 -- Invalid name 'Ярослав!!!!1'
Муммий tvnkfn.ru 50 -- Invalid e-mail 'tvnkfn.ru'
Михаил dmsckxsvkq@ya.ru 101 -- Age must be between 10 and 99!
Чонгкун qyrb 94 -- Invalid e-mail 'qyrb'
Владимир txd@ya.ru 100 -- Age must be between 10 and 99!
Пенг42 jbxhywaw@gmail.com 94 -- Invalid name 'Пенг42'
Бузова 58 -- Not all required data provided!
Бузова cpzofk@ya.ru 100 -- Age must be between 10 and 99!
Ольга666 ot@gmail.com 9 -- Invalid name 'Ольга666'
 -- Not all required data provided!
 -- Not all required data provided!
Тролль nohc@ya.ru 8 -- Age must be between 10 and 99!
Хенг42 tfglv@ya.ru 82 -- Invalid name 'Хенг42'
Мария666 sp@mail.ru 67 -- Invalid name 'Мария666'
Сянцзян mkh.mail.ru 38 -- Invalid e-mail 'mkh.mail.ru'
Тролль lpiqiywb@mail.ru 8 -- Age must be between 10 and 99!
Ольга alcdfigvam 75 -- Invalid e-mail 'alcdfigvam'
Ольга vgqdjgys.mail.ru 89 -- Invalid e-mail 'vgqdjgys.mail.ru'
Равшан pdomev@gmail.com 8 -- Age must be between 10 and 99!
 -- Not all required data provided!
Дмитрий!!!!1 ccoqjfx@mail.ru 15 -- Invalid name 'Дмитрий!!!!1'
Артём42 clcmztc@gmail.com 94 -- Invalid name 'Артём42'
Сянцзян jyyw@ya.ru 7 -- Age must be between 10 and 99!
 -- Not all required data provided!
Джамшут 86 mz@ya.ru -- Invalid e-mail '86'
Ольга vheltf 30 -- Invalid e-mail 'vheltf'
Ольга tmstxptsw@gmail.com 101 -- Age must be between 10 and 99!
Бузова ipguhyopqfigvam 62 -- Invalid e-mail 'ipguhyopqfigvam'
Гнойный666 sjb@mail.ru 91 -- Invalid name 'Гнойный666'
Чонгкун42 whw@gmail.com 71 -- Invalid name 'Чонгкун42'
Чехова42 ltcp@mail.ru 37 -- Invalid name 'Чехова42'
Ольга 90 nbyqfilr@ya.ru -- Invalid e-mail '90'
Ярослав guqnftm 91 -- Invalid e-mail 'guqnftm'
Джигурда pwvllwc@mail.ru 100 -- Age must be between 10 and 99!
Муммий!!!!1 ro@gmail.com 78 -- Invalid name 'Муммий!!!!1'
Муммий afch@gmail.com 100 -- Age must be between 10 and 99!
Муммий kxhupvl@mail.ru 8 -- Age must be between 10 and 99!
Владимир666 fuxy@ya.ru 13 -- Invalid name 'Владимир666'
Яочуан!!!!1 xgyph@ya.ru 73 -- Invalid name 'Яочуан!!!!1'
Муммий yorphou@mail.ru 101 -- Age must be between 10 and 99!
Владимир jvgb@gmail.com 9 -- Age must be between 10 and 99!
Яочуан rmuqgtv 19 -- Invalid e-mail 'rmuqgtv'
Джамшут xkmcgp@gmail.com 100 -- Age must be between 10 and 99!
Джамшут zmlft@gmail.com 9 -- Age must be between 10 and 99!
Равшан dfzxjzqx@gmail.com 9 -- Age must be between 10 and 99!
Мария hktpu@ya.ru 7 -- Age must be between 10 and 99!
Муммий666 ghkzdxn@mail.ru 92 -- Invalid name 'Муммий666'
Владимир xstkvrskfigvam 75 -- Invalid e-mail 'xstkvrskfigvam'
Михаил ity 41 -- Invalid e-mail 'ity'
Хенг ijygcm@mail.ru -- Not all required data provided!
Тролль ydmqa 44 -- Invalid e-mail 'ydmqa'
Ярослав nylmbleako@gmail.com 7 -- Age must be between 10 and 99!
Муммий xjctubyfz@gmail.com 7 -- Age must be between 10 and 99!
Сянцзян xrcrvmblnw@ya.ru 9 -- Age must be between 10 and 99!
Джамшут666 dgbk@gmail.com 86 -- Invalid name 'Джамшут666'
Равшан xsortwb@ya.ru 100 -- Age must be between 10 and 99!
Михаил ksfigvam 86 -- Invalid e-mail 'ksfigvam'
 -- Not all required data provided!
Равшан dp@gmail.com 7 -- Age must be between 10 and 99!
Равшан42 oztp@gmail.com 35 -- Invalid name 'Равшан42'
Пенг 91 sbkivwv@gmail.com -- Invalid e-mail '91'
Чонгкун bmybxiicj@mail.ru 100 -- Age must be between 10 and 99!
Анна gju@gmail.com 7 -- Age must be between 10 and 99!
Яочуан kmaqjfigvam 66 -- Invalid e-mail 'kmaqjfigvam'
Пенг ls.mail.ru 97 -- Invalid e-mail 'ls.mail.ru'
Ольга 55 jym@mail.ru -- Invalid e-mail '55'
Волочкова hpn@gmail.com 9 -- Age must be between 10 and 99!
Чонгкун qduhwjj@mail.ru 9 -- Age must be between 10 and 99!
Чехова zbqjf@gmail.com 8 -- Age must be between 10 and 99!
Михаил666 jtczdhuvyu@mail.ru 87 -- Invalid name 'Михаил666'
Мария666 hcz@mail.ru 49 -- Invalid name 'Мария666'
 -- Not all required data provided!
Нагиев 34 xazkz@gmail.com -- Invalid e-mail '34'
Нагиев!!!!1 pekyd@ya.ru 59 -- Invalid name 'Нагиев!!!!1'
Сянцзян ptuwk@mail.ru 101 -- Age must be between 10 and 99!
Степан pgunwi@gmail.com 101 -- Age must be between 10 and 99!
 -- Not all required data provided!
Чехова dxkrhlt@mail.ru 8 -- Age must be between 10 and 99!
Ярослав 68 zyb.ru -- Invalid e-mail '68'
Артём avc@mail.ru 7 -- Age must be between 10 and 99!
Яочуан yevr@gmail.com 101 -- Age must be between 10 and 99!
Владимир 60 ldyuyv@gmail.com -- Invalid e-mail '60'
Мария przmjpjyuc.mail.ru 47 -- Invalid e-mail 'przmjpjyuc.mail.ru'
Геннадий666 dvgwstof@mail.ru 61 -- Invalid name 'Геннадий666'
Тролль666 jwnlr@mail.ru 92 -- Invalid name 'Тролль666'
Ли mdwje@mail.ru 7 -- Age must be between 10 and 99!
Волочкова zruagjjubo@mail.ru 101 -- Age must be between 10 and 99!
Равшан 94 uhddv@ya.ru -- Invalid e-mail '94'
Сянцзян mcbq@mail.ru 7 -- Age must be between 10 and 99!
Ли -- Not all required data provided!
Анна bcmncsiazj@mail.ru 8 -- Age must be between 10 and 99!
Чехова cmedyzdmuf@ya.ru 8 -- Age must be between 10 and 99!
Ван swcpzgfqk@gmail.com 9 -- Age must be between 10 and 99!
Ли666 viperac@gmail.com 11 -- Invalid name 'Ли666'
 -- Not all required data provided!
Джигурда cazcggmh@mail.ru 101 -- Age must be between 10 and 99!
Ольга vmtulqovl@ya.ru 100 -- Age must be between 10 and 99!
Ван llrvnboy 82 -- Invalid e-mail 'llrvnboy'
Бузова666 stwxu@ya.ru 82 -- Invalid name 'Бузова666'
Джамшут osi@ya.ru 101 -- Age must be between 10 and 99!
Джигурда xkfigvam 51 -- Invalid e-mail 'xkfigvam'
Бузова666 rihao@mail.ru 91 -- Invalid name 'Бузова666'
Хенг666 fuznbykkpo@gmail.com 56 -- Invalid name 'Хенг666'
Артём42 eejjr@ya.ru 30 -- Invalid name 'Артём42'
Ли lbrlgdc@gmail.com 101 -- Age must be between 10 and 99!
acesfkx -- Not all required data provided!
Ван ksjxcbk@gmail.com -- Not all required data provided!
Геннадий42 daflhhwdg@mail.ru 67 -- Invalid name 'Геннадий42'
Степан 37 -- Not all required data provided!
Тролль42 kqgwru@ya.ru 37 -- Invalid name 'Тролль42'
Геннадий ffr@ya.ru 7 -- Age must be between 10 and 99!
Хенг666 lwiirkclhq@ya.ru 29 -- Invalid name 'Хенг666'
Сянцзян hwxt.mail.ru 50 -- Invalid e-mail 'hwxt.mail.ru'
Волочкова tdddmgika@ya.ru 9 -- Age must be between 10 and 99!
Хенг -- Not all required data provided!
Ли666 kphzoum@ya.ru 94 -- Invalid name 'Ли666'
Чонгкун ycggmccqfigvam 7 -- Invalid e-mail 'ycggmccqfigvam'
Ли42 wxexmgqlv@mail.ru 57 -- Invalid name 'Ли42'
Михаил smihac@ya.ru 9 -- Age must be between 10 and 99!
Пенг42 jdknfivgid@ya.ru 24 -- Invalid name 'Пенг42'
Гнойный666 xjbx@gmail.com 78 -- Invalid name 'Гнойный666'
Джигурда zmjc 45 -- Invalid e-mail 'zmjc'
Земфира -- Not all required data provided!
99 -- Not all required data provided!
Равшан yy@gmail.com 100 -- Age must be between 10 and 99!
Анна qppqjykge.mail.ru 56 -- Invalid e-mail 'qppqjykge.mail.ru'
 -- Not all required data provided!
Владимир xas@ya.ru 101 -- Age must be between 10 and 99!
Нагиев gtckxtsg@gmail.com 8 -- Age must be between 10 and 99!
Владимир ostm.ru 81 -- Invalid e-mail 'ostm.ru'
Владимир -- Not all required data provided!
Ольга 77 -- Not all required data provided!
hbqvvgvyv@gmail.com -- Not all required data provided!
Степан jrahedkro.ru 100 -- Invalid e-mail 'jrahedkro.ru'
Анна frnm@ya.ru 9 -- Age must be between 10 and 99!
Ли rlobsdxnkm@ya.ru 101 -- Age must be between 10 and 99!
Бузова vvrznowi.ru 39 -- Invalid e-mail 'vvrznowi.ru'
Ли zocmhhldtxfigvam 33 -- Invalid e-mail 'zocmhhldtxfigvam'
Дмитрий dpado@ya.ru 101 -- Age must be between 10 and 99!
Сянцзян!!!!1 cqc@mail.ru 79 -- Invalid name 'Сянцзян!!!!1'
Нагиев zobbamthn@ya.ru -- Not all required data provided!
Артём pbxxpkp@mail.ru -- Not all required data provided!
Ольга swxjl@ya.ru -- Not all required data provided!
Михаил ogaptxrw 10 -- Invalid e-mail 'ogaptxrw'
Чехова ikkjvfigvam 83 -- Invalid e-mail 'ikkjvfigvam'
54 -- Not all required data provided!
Михаил666 mavzyuda@gmail.com 61 -- Invalid name 'Михаил666'
Ольга 20 oja@ya.ru -- Invalid e-mail '20'
Сянцзян qvujdw@mail.ru 8 -- Age must be between 10 and 99!
Ли xinydgkyz -- Not all required data provided!
Дмитрий!!!!1 cfortxov@gmail.com 100 -- Invalid name 'Дмитрий!!!!1'
Пенг sojqh@mail.ru 100 -- Age must be between 10 and 99!
Ли 73 -- Not all required data provided!
Муммий tdlgluv@mail.ru 8 -- Age must be between 10 and 99!
Пенг lm@ya.ru 100 -- Age must be between 10 and 99!
Пенг azomitvegl@mail.ru 101 -- Age must be between 10 and 99!
Пенг 41 hivhqztutj@ya.ru -- Invalid e-mail '41'
Геннадий ahmh@mail.ru 7 -- Age must be between 10 and 99!
Бузова khsfbnfigvam 10 -- Invalid e-mail 'khsfbnfigvam'
Мария xnzir.ru 17 -- Invalid e-mail 'xnzir.ru'
Ли qjpycs.mail.ru 54 -- Invalid e-mail 'qjpycs.mail.ru'
Пенг 12 epj@gmail.com -- Invalid e-mail '12'
Дмитрий ka 54 -- Invalid e-mail 'ka'
Владимир uxo@mail.ru 8 -- Age must be between 10 and 99!
Ли mbshdfcuq@mail.ru 9 -- Age must be between 10 and 99!
Степан rcug.ru 85 -- Invalid e-mail 'rcug.ru'
 -- Not all required data provided!
Пенг666 hsj@ya.ru 39 -- Invalid name 'Пенг666'
Равшан!!!!1 dvmncadh@ya.ru 50 -- Invalid name 'Равшан!!!!1'
Дмитрий ud.mail.ru 17 -- Invalid e-mail 'ud.mail.ru'
Владимир pjrehnjr@gmail.com 8 -- Age must be between 10 and 99!
Земфира qnrfigvam 38 -- Invalid e-mail 'qnrfigvam'
Артём eh.mail.ru 15 -- Invalid e-mail 'eh.mail.ru'
jq@gmail.com -- Not all required data provided!
Хенг hqg@ya.ru 7 -- Age must be between 10 and 99!
Джамшут42 jfde@mail.ru 100 -- Invalid name 'Джамшут42'
Джамшут qsjdks@gmail.com 101 -- Age must be between 10 and 99!
Равшан42 vcxkqxf@gmail.com 97 -- Invalid name 'Равшан42'
Геннадий gzrcyd@ya.ru 9 -- Age must be between 10 and 99!
Степан pvte@mail.ru 101 -- Age must be between 10 and 99!
Ли kzyqcs@ya.ru 100 -- Age must be between 10 and 99!
Волочкова qsuopb 21 -- Invalid e-mail 'qsuopb'
fpntrectkj@gmail.com -- Not all required data provided!
Ярослав rlfkb@mail.ru 9 -- Age must be between 10 and 99!
Равшан errdbsjifd@gmail.com 101 -- Age must be between 10 and 99!
Пенг jqynlmr.mail.ru 50 -- Invalid e-mail 'jqynlmr.mail.ru'
 -- Not all required data provided!
Ли rsfdutfigvam 23 -- Invalid e-mail 'rsfdutfigvam'
Сянцзян42 njn@gmail.com 12 -- Invalid name 'Сянцзян42'
Ярослав ureuoho@gmail.com 101 -- Age must be between 10 and 99!
Сянцзян vapnupu@ya.ru 100 -- Age must be between 10 and 99!
Владимир 26 tgovvpmv@ya.ru -- Invalid e-mail '26'
Михаил42 yrzsids@gmail.com 87 -- Invalid name 'Михаил42'
Чонгкун 22 uvb@mail.ru -- Invalid e-mail '22'
 -- Not all required data provided!
Анна tgfxv@ya.ru 100 -- Age must be between 10 and 99!
Ольга 37 gq@mail.ru -- Invalid e-mail '37'
Артём42 fczwr@gmail.com 48 -- Invalid name 'Артём42'
Нагиев 46 ptqls@ya.ru -- Invalid e-mail '46'
Джигурда ztummrmgo@mail.ru 7 -- Age must be between 10 and 99!
Нагиев!!!!1 xwrvlg@ya.ru 78 -- Invalid name 'Нагиев!!!!1'
Хенг!!!!1 cblioh@mail.ru 34 -- Invalid name 'Хенг!!!!1'
47 -- Not all required data provided!
Анна666 fsfop@mail.ru 58 -- Invalid name 'Анна666'
Джигурда!!!!1 isgmd@gmail.com 99 -- Invalid name 'Джигурда!!!!1'
Чехова -- Not all required data provided!
Тролль spdkqaktn@ya.ru 9 -- Age must be between 10 and 99!
Джигурда ebjnx.mail.ru 97 -- Invalid e-mail 'ebjnx.mail.ru'
Муммий sc.mail.ru 64 -- Invalid e-mail 'sc.mail.ru'
Ярослав xpkehoe@gmail.com 8 -- Age must be between 10 and 99!
Ольга xwyvp@ya.ru 8 -- Age must be between 10 and 99!
Дмитрий tvnzagduh.mail.ru 55 -- Invalid e-mail 'tvnzagduh.mail.ru'
Степан gd@ya.ru 9 -- Age must be between 10 and 99!
Пенг42 wouu@ya.ru 31 -- Invalid name 'Пенг42'
Джамшут 31 -- Not all required data provided!
Хенг 58 ebsip@gmail.com -- Invalid e-mail '58'
Волочкова666 iooulyqpni@mail.ru 42 -- Invalid name 'Волочкова666'
Гнойный kesd@mail.ru 100 -- Age must be between 10 and 99!
Тролль jw.mail.ru 35 -- Invalid e-mail 'jw.mail.ru'
Равшан rus.mail.ru 81 -- Invalid e-mail 'rus.mail.ru'
Равшан ubznniijoz@gmail.com 8 -- Age must be between 10 and 99!
Анна obdw@mail.ru 100 -- Age must be between 10 and 99!
Ли 12 lpe@gmail.com -- Invalid e-mail '12'
Анна mgcapwtfkp.ru 99 -- Invalid e-mail 'mgcapwtfkp.ru'
Ярослав ctfsib.mail.ru 60 -- Invalid e-mail 'ctfsib.mail.ru'
Ольга 44 rwrakjr@gmail.com -- Invalid e-mail '44'
Тролль hgtc@gmail.com 101 -- Age must be between 10 and 99!
Артём afbd@mail.ru 101 -- Age must be between 10 and 99!
Муммий -- Not all required data provided!
Геннадий666 fkz@mail.ru 7 -- Invalid name 'Геннадий666'
 -- Not all required data provided!
Земфира42 ydcmpreuzy@ya.ru 55 -- Invalid name 'Земфира42'
Степан byjxrtlc@gmail.com 9 -- Age must be between 10 and 99!
Нагиев!!!!1 knxrnmi@ya.ru 18 -- Invalid name 'Нагиев!!!!1'
Сянцзян42 xz@ya.ru 18 -- Invalid name 'Сянцзян42'
Анна wsd.ru 86 -- Invalid e-mail 'wsd.ru'
Мария qact@mail.ru 9 -- Age must be between 10 and 99!
Михаил jpcoyszthd@mail.ru 9 -- Age must be between 10 and 99!
Геннадий fhi@ya.ru 101 -- Age must be between 10 and 99!
Ван zqtcknx@gmail.com 101 -- Age must be between 10 and 99!
Чехова42 owfqdurm@gmail.com 54 -- Invalid name 'Чехова42'
Дмитрий jh@ya.ru 7 -- Age must be between 10 and 99!
 -- Not all required data provided!
Анна666 zlofysrqh@gmail.com 88 -- Invalid name 'Анна666'
Земфира666 ckgpqmeryl@gmail.com 67 -- Invalid name 'Земфира666'
Геннадий 22 anqexnqa@ya.ru -- Invalid e-mail '22'
Владимир666 mgb@ya.ru 59 -- Invalid name 'Владимир666'
Нагиев lntfigvam 101 -- Invalid e-mail 'lntfigvam'
Джигурда uaz@gmail.com 8 -- Age must be between 10 and 99!
Анна pqhgfwigty@mail.ru 7 -- Age must be between 10 and 99!
Джигурда fs@ya.ru 101 -- Age must be between 10 and 99!
Ли mfxvkzt@ya.ru 8 -- Age must be between 10 and 99!
Ольга hmmrfigvam 88 -- Invalid e-mail 'hmmrfigvam'
Анна qqsjrtws@mail.ru 100 -- Age must be between 10 and 99!
Нагиев42 lfsisf@ya.ru 36 -- Invalid name 'Нагиев42'
Ли pfcr@ya.ru 101 -- Age must be between 10 and 99!
Ярослав pmibrp@ya.ru 101 -- Age must be between 10 and 99!
Дмитрий!!!!1 mtn@gmail.com 53 -- Invalid name 'Дмитрий!!!!1'
Тролль hzpxkklxaa@ya.ru 101 -- Age must be between 10 and 99!
Степан zkmyq.ru 55 -- Invalid e-mail 'zkmyq.ru'
Пенг hvi.mail.ru 80 -- Invalid e-mail 'hvi.mail.ru'
Ван wreyyazwj@ya.ru 101 -- Age must be between 10 and 99!
Сянцзян 101 -- Not all required data provided!
Муммий zoxml 68 -- Invalid e-mail 'zoxml'
Ван ysnemx@gmail.com 7 -- Age must be between 10 and 99!
Чехова blwlpw 73 -- Invalid e-mail 'blwlpw'
Дмитрий ddfljsbst@gmail.com 9 -- Age must be between 10 and 99!
Артём affbrmzi@mail.ru 8 -- Age must be between 10 and 99!
Хенг!!!!1 ploqax@mail.ru 90 -- Invalid name 'Хенг!!!!1'
Яочуан sxso.mail.ru 36 -- Invalid e-mail 'sxso.mail.ru'
10 kfkzlg@mail.ru -- Not all required data provided!
Владимир gfltut@gmail.com 8 -- Age must be between 10 and 99!
Ярослав qvbiichydh 27 -- Invalid e-mail 'qvbiichydh'
Пенг vvzxlrgg@ya.ru 100 -- Age must be between 10 and 99!
Владимир naciwer@gmail.com 8 -- Age must be between 10 and 99!
Земфира kebiiemny@ya.ru 101 -- Age must be between 10 and 99!
Ван bptghqopkc@gmail.com 101 -- Age must be between 10 and 99!
Чонгкун ipatelmf.mail.ru 56 -- Invalid e-mail 'ipatelmf.mail.ru'
Владимир kpiefigvam 18 -- Invalid e-mail 'kpiefigvam'
Ярослав qglqvcgo 43 -- Invalid e-mail 'qglqvcgo'
 -- Not all required data provided!
Нагиев666 ykj@gmail.com 18 -- Invalid name 'Нагиев666'
Бузова 21 yixcbjtl@ya.ru -- Invalid e-mail '21'
Джигурда42 hwf@mail.ru 85 -- Invalid name 'Джигурда42'
Ольга666 yiykos@mail.ru 23 -- Invalid name 'Ольга666'
Михаил nelrttdj.mail.ru 60 -- Invalid e-mail 'nelrttdj.mail.ru'
Тролль42 kakcexaoto.ru 98 -- Invalid name 'Тролль42'
Дмитрий42 oghektepxm@ya.ru 51 -- Invalid name 'Дмитрий42'
Волочкова erem@ya.ru 101 -- Age must be between 10 and 99!
Бузова ch.ru 91 -- Invalid e-mail 'ch.ru'
Ван pvexq@ya.ru 101 -- Age must be between 10 and 99!
Джамшут666 mhun@ya.ru 83 -- Invalid name 'Джамшут666'
Дмитрий xokee.ru 81 -- Invalid e-mail 'xokee.ru'
Степан 9 -- Not all required data provided!
Ли bezqlfbr.ru 75 -- Invalid e-mail 'bezqlfbr.ru'
Сянцзян kemwofigvam 80 -- Invalid e-mail 'kemwofigvam'
Равшан rrm@ya.ru 101 -- Age must be between 10 and 99!
Гнойный666 ckxy@mail.ru 98 -- Invalid name 'Гнойный666'
Земфира sehaa.ru 23 -- Invalid e-mail 'sehaa.ru'
Ли alravwh@gmail.com 8 -- Age must be between 10 and 99!
Пенг 49 -- Not all required data provided!
Степан mijnf@gmail.com 9 -- Age must be between 10 and 99!
Хенг aenvwiibzv.ru 85 -- Invalid e-mail 'aenvwiibzv.ru'
 -- Not all required data provided!
Михаил666 tlgrqqw@ya.ru 51 -- Invalid name 'Михаил666'
Ли 30 shgijkhj@ya.ru -- Invalid e-mail '30'
Артём jqvuaztxdufigvam 41 -- Invalid e-mail 'jqvuaztxdufigvam'
Земфира ulgmosl.ru 77 -- Invalid e-mail 'ulgmosl.ru'
Яочуан -- Not all required data provided!
Дмитрий qxkuijl 73 -- Invalid e-mail 'qxkuijl'
Тролль!!!!1 zylxlgct@gmail.com 17 -- Invalid name 'Тролль!!!!1'
lpr@gmail.com -- Not all required data provided!
Пенг hwgiiv@gmail.com 9 -- Age must be between 10 and 99!
Муммий42 jhvwrdquj@gmail.com 60 -- Invalid name 'Муммий42'
Джигурда ohjtabz@ya.ru 8 -- Age must be between 10 and 99!
Ван666 ggdwflel@mail.ru 74 -- Invalid name 'Ван666'
Джамшут iwrrct.mail.ru 30 -- Invalid e-mail 'iwrrct.mail.ru'
Равшан mnyqvc@ya.ru -- Not all required data provided!
Равшан bui 81 -- Invalid e-mail 'bui'
Ван -- Not all required data provided!
Чехова42 mf@ya.ru 64 -- Invalid name 'Чехова42'
Михаил -- Not all required data provided!
Мария jg@mail.ru 7 -- Age must be between 10 and 99!
Пенг wmdcuhomzg@gmail.com 7 -- Age must be between 10 and 99!
Земфира woibrze.ru 27 -- Invalid e-mail 'woibrze.ru'
Ольга kdxkedpoql@mail.ru 7 -- Age must be between 10 and 99!
Артём!!!!1 qinssdk@ya.ru 32 -- Invalid name 'Артём!!!!1'
Земфира kkroewjxde@ya.ru 100 -- Age must be between 10 and 99!
Чехова wtgyeyaoby@gmail.com 7 -- Age must be between 10 and 99!
Михаил ymmoepdgd@ya.ru 7 -- Age must be between 10 and 99!
Дмитрий 53 js@mail.ru -- Invalid e-mail '53'
 -- Not all required data provided!
Михаил bcjpxcnlo@gmail.com 8 -- Age must be between 10 and 99!
Муммий!!!!1 hjithai@gmail.com 67 -- Invalid name 'Муммий!!!!1'
Мария 69 ombx@ya.ru -- Invalid e-mail '69'
Джамшут njxvd.mail.ru 31 -- Invalid e-mail 'njxvd.mail.ru'
Земфира wamfb@gmail.com 7 -- Age must be between 10 and 99!
Дмитрий mnfyuda 63 -- Invalid e-mail 'mnfyuda'
Ли42 luyqxgeegp@gmail.com 88 -- Invalid name 'Ли42'
Джамшут42 ktkajqsi@ya.ru 15 -- Invalid name 'Джамшут42'
Чонгкун 43 joakkqrec@gmail.com -- Invalid e-mail '43'
Равшан42 hp@mail.ru 87 -- Invalid name 'Равшан42'
Волочкова nn@ya.ru 101 -- Age must be between 10 and 99!
14 ooxxpscf@mail.ru -- Not all required data provided!
Тролль ohnf@ya.ru 101 -- Age must be between 10 and 99!
Владимир pxlqrob@ya.ru -- Not all required data provided!
Мария edzii@ya.ru 100 -- Age must be between 10 and 99!
Земфира bj@ya.ru -- Not all required data provided!
Дмитрий 58 -- Not all required data provided!
 -- Not all required data provided!
Джамшут um.ru 43 -- Invalid e-mail 'um.ru'
Степан salgh.mail.ru 42 -- Invalid e-mail 'salgh.mail.ru'
Ли666 qrjdpmy@mail.ru 96 -- Invalid name 'Ли666'
Степан666 jvxqidcl@gmail.com 31 -- Invalid name 'Степан666'
Чонгкун ajwdvtf@mail.ru 7 -- Age must be between 10 and 99!
Ван ssrypdn@ya.ru 101 -- Age must be between 10 and 99!
Бузова bm@gmail.com 100 -- Age must be between 10 and 99!
Чехова goic@mail.ru 101 -- Age must be between 10 and 99!
Яочуан666 dbgbcbq@gmail.com 67 -- Invalid name 'Яочуан666'
Чонгкун!!!!1 qembh@ya.ru 91 -- Invalid name 'Чонгкун!!!!1'
Равшан tmybye@gmail.com 100 -- Age must be between 10 and 99!
21 ojuqqls@mail.ru -- Not all required data provided!
 -- Not all required data provided!
Джигурда hqjpqiuh@gmail.com 7 -- Age must be between 10 and 99!
Яочуан ypujo@mail.ru 9 -- Age must be between 10 and 99!
Волочкова!!!!1 ln@ya.ru 66 -- Invalid name 'Волочкова!!!!1'
Артём 64 pmcjigwzx@ya.ru -- Invalid e-mail '64'
Геннадий wskie@gmail.com 8 -- Age must be between 10 and 99!
Муммий nmwfzhopkrfigvam 34 -- Invalid e-mail 'nmwfzhopkrfigvam'
Пенг42 dqcph@mail.ru 37 -- Invalid name 'Пенг42'
 -- Not all required data provided!
91 -- Not all required data provided!
Ли qldvqkhmd.mail.ru 20 -- Invalid e-mail 'qldvqkhmd.mail.ru'
Геннадий 57 qha@ya.ru -- Invalid e-mail '57'
Волочкова42 cal@ya.ru 95 -- Invalid name 'Волочкова42'
40 utgz@ya.ru -- Not all required data provided!
Сянцзян42 te@gmail.com 93 -- Invalid name 'Сянцзян42'
Муммий42 fhtyashoe@ya.ru 93 -- Invalid name 'Муммий42'
 -- Not all required data provided!
Джигурда 79 lsifigvam -- Invalid e-mail '79'
Геннадий zoonmmm@ya.ru 101 -- Age must be between 10 and 99!
Анна rpumuguesa@mail.ru 101 -- Age must be between 10 and 99!
Мария!!!!1 gqxmebqau@mail.ru 50 -- Invalid name 'Мария!!!!1'
Земфира pntiproy@gmail.com 7 -- Age must be between 10 and 99!
Джамшут ubbcxo@mail.ru 7 -- Age must be between 10 and 99!
Земфира timjdfxxb@mail.ru 100 -- Age must be between 10 and 99!
Ван42 tf@mail.ru 52 -- Invalid name 'Ван42'
qxibm@gmail.com -- Not all required data provided!
 -- Not all required data provided!
Нагиев rzn.mail.ru 78 -- Invalid e-mail 'rzn.mail.ru'
Дмитрий!!!!1 dbow@gmail.com 70 -- Invalid name 'Дмитрий!!!!1'
Дмитрий unkl@mail.ru 100 -- Age must be between 10 and 99!
Джамшут 51 maoqhoiq@mail.ru -- Invalid e-mail '51'
Муммий tmwj@gmail.com 7 -- Age must be between 10 and 99!
Муммий oxtxopwnrjfigvam 18 -- Invalid e-mail 'oxtxopwnrjfigvam'
Нагиев42 lrapsu@gmail.com 35 -- Invalid name 'Нагиев42'
Сянцзян fem@mail.ru 7 -- Age must be between 10 and 99!
Ли42 rrqqqij@mail.ru 70 -- Invalid name 'Ли42'
Дмитрий mvqwrord@gmail.com 7 -- Age must be between 10 and 99!
Артём 43 dnp@ya.ru -- Invalid e-mail '43'
Хенг aw@gmail.com 9 -- Age must be between 10 and 99!
Ярослав ueww@mail.ru 100 -- Age must be between 10 and 99!
Ярослав vytzy@gmail.com 101 -- Age must be between 10 and 99!
 -- Not all required data provided!
 -- Not all required data provided!
 -- Not all required data provided!
Владимир 28 an@mail.ru -- Invalid e-mail '28'
Ольга ehgpnaeu.ru 12 -- Invalid e-mail 'ehgpnaeu.ru'
Гнойный yfucubanov@ya.ru 101 -- Age must be between 10 and 99!
Бузова666 puhl@mail.ru 66 -- Invalid name 'Бузова666'
Владимир pazefbeg@mail.ru 8 -- Age must be between 10 and 99!
Мария ihvi@mail.ru 8 -- Age must be between 10 and 99!
Степан ayrjjzed@mail.ru 100 -- Age must be between 10 and 99!
45 -- Not all required data provided!
Чехова rvrscke@gmail.com 101 -- Age must be between 10 and 99!
79 uybshtbgyy@gmail.com -- Not all required data provided!
Михаил 44 -- Not all required data provided!
Муммий42 pawd@mail.ru 74 -- Invalid name 'Муммий42'
Ли vf@ya.ru 101 -- Age must be between 10 and 99!
 -- Not all required data provided!
Владимир vbvzuilfiw@mail.ru 8 -- Age must be between 10 and 99!
Сянцзян goki.mail.ru 58 -- Invalid e-mail 'goki.mail.ru'
25 -- Not all required data provided!
Ярослав666 fuxp@gmail.com 12 -- Invalid name 'Ярослав666'
Гнойный sb.mail.ru 51 -- Invalid e-mail 'sb.mail.ru'
Равшан qfkqfigvam 82 -- Invalid e-mail 'qfkqfigvam'
Мария666 st@mail.ru 91 -- Invalid name 'Мария666'
Михаил 40 aymkhugwng@mail.ru -- Invalid e-mail '40'
sigaezard@gmail.com -- Not all required data provided!
Муммий 25 xmxdjgk@gmail.com -- Invalid e-mail '25'
Муммий!!!!1 wjplpskc@mail.ru 14 -- Invalid name 'Муммий!!!!1'
Ван hhotqhxwx.ru 82 -- Invalid e-mail 'hhotqhxwx.ru'
 -- Not all required data provided!
Артём ueebpkyfigvam 80 -- Invalid e-mail 'ueebpkyfigvam'
Земфира gwihlyfy@gmail.com 101 -- Age must be between 10 and 99!
 -- Not all required data provided!
Яочуан hilxryf@gmail.com 101 -- Age must be between 10 and 99!
Хенг opcaffkfigvam 38 -- Invalid e-mail 'opcaffkfigvam'
Чонгкун42 furhqlmdf@mail.ru 31 -- Invalid name 'Чонгкун42'
Сянцзян qdvz@gmail.com 8 -- Age must be between 10 and 99!
Степан!!!!1 vuieqxn@mail.ru 79 -- Invalid name 'Степан!!!!1'
Муммий cdssxrpfigvam 26 -- Invalid e-mail 'cdssxrpfigvam'
Пенг!!!!1 jsatsc@mail.ru 70 -- Invalid name 'Пенг!!!!1'
Тролль tqqr 55 -- Invalid e-mail 'tqqr'
Пенг fdlpdijbwn@ya.ru 100 -- Age must be between 10 and 99!
Владимир42 pc@ya.ru 68 -- Invalid name 'Владимир42'
 -- Not all required data provided!
Артём bphgql@ya.ru 9 -- Age must be between 10 and 99!
Артём cnbkekcprn@gmail.com 101 -- Age must be between 10 and 99!
Анна nfurnoe.ru 60 -- Invalid e-mail 'nfurnoe.ru'
Дмитрий666 ktflybe@gmail.com 28 -- Invalid name 'Дмитрий666'
Земфира!!!!1 bb@mail.ru 13 -- Invalid name 'Земфира!!!!1'
Ольга!!!!1 estofkaeg@gmail.com 93 -- Invalid name 'Ольга!!!!1'
Земфира knzuvzxjbz@mail.ru 9 -- Age must be between 10 and 99!
Гнойный 79 -- Not all required data provided!
Ли unubujw@ya.ru 9 -- Age must be between 10 and 99!
 -- Not all required data provided!
Чонгкун crr.mail.ru 15 -- Invalid e-mail 'crr.mail.ru'
65 ms@ya.ru -- Not all required data provided!
Тролль knnuahehn@mail.ru 7 -- Age must be between 10 and 99!
Яочуан42 fwu@gmail.com 80 -- Invalid name 'Яочуан42'
Ольга666 afxahwgcma@ya.ru 98 -- Invalid name 'Ольга666'
Джамшут ocvignginp@mail.ru 100 -- Age must be between 10 and 99!
Яочуан wieyfigvam 64 -- Invalid e-mail 'wieyfigvam'
Михаил vtdupl.mail.ru 80 -- Invalid e-mail 'vtdupl.mail.ru'
Ван!!!!1 sqceyont@ya.ru 24 -- Invalid name 'Ван!!!!1'
Волочкова mt.ru 91 -- Invalid e-mail 'mt.ru'
Сянцзян khvkdpeo@mail.ru 9 -- Age must be between 10 and 99!
 -- Not all required data provided!
Сянцзян666 fycwqkqdmu@gmail.com 74 -- Invalid name 'Сянцзян666'
Геннадий tylyk.ru 101 -- Invalid e-mail 'tylyk.ru'
Нагиев666 vguk@ya.ru 42 -- Invalid name 'Нагиев666'
Анна hgedd@ya.ru 101 -- Age must be between 10 and 99!
Бузова 61 -- Not all required data provided!
Ван ascadyoz@gmail.com 101 -- Age must be between 10 and 99!
Нагиев kgfa 98 -- Invalid e-mail 'kgfa'
Земфира666 imgbvdy@mail.ru 82 -- Invalid name 'Земфира666'
31 vx@gmail.com -- Not all required data provided!
Тролль yqspypob@gmail.com 9 -- Age must be between 10 and 99!
 -- Not all required data provided!
Анна42 hyrlnugixsfigvam 42 -- Invalid name 'Анна42'
Ольга -- Not all required data provided!
Геннадий666 hlfrxbq@ya.ru 38 -- Invalid name 'Геннадий666'
Ван xyuqco.ru 46 -- Invalid e-mail 'xyuqco.ru'
Степан!!!!1 haudkniw@ya.ru 97 -- Invalid name 'Степан!!!!1'
Дмитрий rkycgpt@mail.ru 100 -- Age must be between 10 and 99!
Пенг666 lcxemzac@gmail.com 28 -- Invalid name 'Пенг666'
Ли!!!!1 izok@mail.ru 78 -- Invalid name 'Ли!!!!1'
Михаил666 ci@mail.ru 28 -- Invalid name 'Михаил666'
Бузова42 utzeyox@gmail.com 49 -- Invalid name 'Бузова42'
Степан jbsdgyoz.mail.ru 80 -- Invalid e-mail 'jbsdgyoz.mail.ru'
Яочуан666 pstkv@gmail.com 74 -- Invalid name 'Яочуан666'
 -- Not all required data provided!
59 -- Not all required data provided!
19 mwsfzxffo@mail.ru -- Not all required data provided!
Геннадий lgquvjrajh@mail.ru 9 -- Age must be between 10 and 99!
Ли fjg@gmail.com 9 -- Age must be between 10 and 99!
Тролль zbma@ya.ru 9 -- Age must be between 10 and 99!
101 -- Not all required data provided!
Геннадий eqnfdntfigvam 17 -- Invalid e-mail 'eqnfdntfigvam'
Муммий!!!!1 maybgyk@ya.ru 29 -- Invalid name 'Муммий!!!!1'
Гнойный atnzrka@gmail.com 9 -- Age must be between 10 and 99!
Пенг666 ct@gmail.com 15 -- Invalid name 'Пенг666'
Ярослав vaftsheeit@ya.ru 100 -- Age must be between 10 and 99!
Тролль!!!!1 hwvpj@gmail.com 101 -- Invalid name 'Тролль!!!!1'
Мария!!!!1 xoaedtfw@gmail.com 58 -- Invalid name 'Мария!!!!1'
Степан np@ya.ru 8 -- Age must be between 10 and 99!
Пенг dqlvzgzxu 50 -- Invalid e-mail 'dqlvzgzxu'
Муммий zu@ya.ru 8 -- Age must be between 10 and 99!
Хенг salvyr 44 -- Invalid e-mail 'salvyr'
Земфира gidfsotke@mail.ru -- Not all required data provided!
Владимир qzf@mail.ru 101 -- Age must be between 10 and 99!
Ли hovojhicdh@gmail.com 9 -- Age must be between 10 and 99!
Чехова icfigvam 36 -- Invalid e-mail 'icfigvam'
Дмитрий worhalkv@ya.ru 8 -- Age must be between 10 and 99!
Джамшут toycr@gmail.com 100 -- Age must be between 10 and 99!
Волочкова bhihrlbxu@ya.ru 101 -- Age must be between 10 and 99!
Ольга42 jlp@gmail.com 51 -- Invalid name 'Ольга42'
Степан zjmjfigvam 64 -- Invalid e-mail 'zjmjfigvam'
Ли 63 ijy@mail.ru -- Invalid e-mail '63'
Бузова42 ektbpz@gmail.com 26 -- Invalid name 'Бузова42'
Ли db.mail.ru 94 -- Invalid e-mail 'db.mail.ru'
Тролль 57 xvl@mail.ru -- Invalid e-mail '57'
Равшан sqbfbr@ya.ru 8 -- Age must be between 10 and 99!
Сянцзян666 eg@gmail.com 19 -- Invalid name 'Сянцзян666'
 -- Not all required data provided!
Джигурда ti 9 -- Invalid e-mail 'ti'
Чехова trzmfalpx@ya.ru 9 -- Age must be between 10 and 99!
Яочуан42 ytxttprtyu@mail.ru 84 -- Invalid name 'Яочуан42'
Ольга mpmj.ru 72 -- Invalid e-mail 'mpmj.ru'
Ольга vwujloyv 99 -- Invalid e-mail 'vwujloyv'
Хенг thus.ru 82 -- Invalid e-mail 'thus.ru'
Ван ewqk@mail.ru 9 -- Age must be between 10 and 99!
Волочкова wkaizmvrir.mail.ru 88 -- Invalid e-mail 'wkaizmvrir.mail.ru'
Нагиев 43 iiodjj@gmail.com -- Invalid e-mail '43'
86 -- Not all required data provided!
Ольга inblsue@mail.ru 7 -- Age must be between 10 and 99!
27 -- Not all required data provided!
Ван42 tycx@gmail.com 81 -- Invalid name 'Ван42'
Равшан szippc@mail.ru 101 -- Age must be between 10 and 99!
 -- Not all required data provided!
Михаил666 gsgzqswkp@ya.ru 60 -- Invalid name 'Михаил666'
Чехова kykhha.mail.ru 15 -- Invalid e-mail 'kykhha.mail.ru'
Степан pulcbsxuf 21 -- Invalid e-mail 'pulcbsxuf'
Геннадий!!!!1 ulffna@gmail.com 74 -- Invalid name 'Геннадий!!!!1'
Артём!!!!1 neuxmabtmm@mail.ru 94 -- Invalid name 'Артём!!!!1'
Гнойный xzddpgpg@ya.ru 100 -- Age must be between 10 and 99!
 -- Not all required data provided!
Волочкова faagm@ya.ru 101 -- Age must be between 10 and 99!
Дмитрий db@gmail.com 100 -- Age must be between 10 and 99!
Геннадий elppvyupu@mail.ru 8 -- Age must be between 10 and 99!
Анна qywvsdmp.mail.ru 90 -- Invalid e-mail 'qywvsdmp.mail.ru'
34 myr@mail.ru -- Not all required data provided!
Равшан tskxkp.ru 45 -- Invalid e-mail 'tskxkp.ru'
Геннадий!!!!1 spgooa@ya.ru 82 -- Invalid name 'Геннадий!!!!1'
Яочуан wlstx@gmail.com 100 -- Age must be between 10 and 99!
Ольга orxjlqh@gmail.com 100 -- Age must be between 10 and 99!
Яочуан666 mce@mail.ru 25 -- Invalid name 'Яочуан666'
Сянцзян 97 vx@gmail.com -- Invalid e-mail '97'
Ольга bfym@ya.ru 100 -- Age must be between 10 and 99!
45 -- Not all required data provided!
 -- Not all required data provided!
Владимир kwlrgcw.ru 22 -- Invalid e-mail 'kwlrgcw.ru'
Ярослав irdmrg@mail.ru 9 -- Age must be between 10 and 99!
Ольга msx.mail.ru 68 -- Invalid e-mail 'msx.mail.ru'
Чехова gwytfo@ya.ru 8 -- Age must be between 10 and 99!
Михаил aattyffigvam 34 -- Invalid e-mail 'aattyffigvam'
Тролль qcwjvtn 26 -- Invalid e-mail 'qcwjvtn'
Джигурда -- Not all required data provided!
 -- Not all required data provided!
Ли beolypulk@mail.ru 100 -- Age must be between 10 and 99!
Владимир iyxmijs@ya.ru 101 -- Age must be between 10 and 99!
Чехова uyygothzpe.mail.ru 54 -- Invalid e-mail 'uyygothzpe.mail.ru'
Нагиев jutgyl@mail.ru 8 -- Age must be between 10 and 99!
Джигурда42 mbosuaobcn@ya.ru 33 -- Invalid name 'Джигурда42'
Пенг pnsxg@ya.ru 9 -- Age must be between 10 and 99!
Артём jipixe.ru 19 -- Invalid e-mail 'jipixe.ru'
Владимир42 pwfwj@ya.ru 21 -- Invalid name 'Владимир42'
Ли cvhczo 33 -- Invalid e-mail 'cvhczo'
Мария efbu 77 -- Invalid e-mail 'efbu'
Ли svaqehfigvam 77 -- Invalid e-mail 'svaqehfigvam'
Чонгкун!!!!1 gffm@gmail.com 20 -- Invalid name 'Чонгкун!!!!1'
 -- Not all required data provided!
Равшан bseowqfigvam 42 -- Invalid e-mail 'bseowqfigvam'
Джигурда42 tznepble@ya.ru 75 -- Invalid name 'Джигурда42'
Яочуан ehvolflg.mail.ru 40 -- Invalid e-mail 'ehvolflg.mail.ru'
Джамшут wevesdrh@mail.ru 8 -- Age must be between 10 and 99!
Муммий yklu@gmail.com 7 -- Age must be between 10 and 99!
Тролль pwtadxo@gmail.com 8 -- Age must be between 10 and 99!
Гнойный 62 qeqd@ya.ru -- Invalid e-mail '62'
Муммий!!!!1 wqxwzop@ya.ru 61 -- Invalid name 'Муммий!!!!1'
Нагиев -- Not all required data provided!
Сянцзян ko.mail.ru 43 -- Invalid e-mail 'ko.mail.ru'
Яочуан raw@mail.ru 9 -- Age must be between 10 and 99!
Чехова eydej@ya.ru 101 -- Age must be between 10 and 99!
Джамшут eayzodx 52 -- Invalid e-mail 'eayzodx'
Ольга wgwuu@ya.ru 101 -- Age must be between 10 and 99!
Геннадий djudzltj@mail.ru 101 -- Age must be between 10 and 99!
Джигурда -- Not all required data provided!
Степан yejzxyf@mail.ru 9 -- Age must be between 10 and 99!
 -- Not all required data provided!
Волочкова 93 -- Not all required data provided!
Пенг qruwcczp.ru 101 -- Invalid e-mail 'qruwcczp.ru'
Гнойный42 slmdj@gmail.com 28 -- Invalid name 'Гнойный42'
Ольга!!!!1 yaipm@gmail.com 83 -- Invalid name 'Ольга!!!!1'
Сянцзян pliohfbecr@mail.ru 9 -- Age must be between 10 and 99!
Сянцзян lnlscrhjpe@gmail.com 101 -- Age must be between 10 and 99!
Михаил jkdtdcgop.ru 26 -- Invalid e-mail 'jkdtdcgop.ru'
 -- Not all required data provided!
Нагиев fhxpea@gmail.com 101 -- Age must be between 10 and 99!
 -- Not all required data provided!
Сянцзян qadxbr@gmail.com 9 -- Age must be between 10 and 99!
Муммий iqi@ya.ru 100 -- Age must be between 10 and 99!
Ольга ie@mail.ru 9 -- Age must be between 10 and 99!
Ярослав qngrtongs.mail.ru 27 -- Invalid e-mail 'qngrtongs.mail.ru'
 -- Not all required data provided!
Мария dnm 42 -- Invalid e-mail 'dnm'
Бузова pzxqirnp.mail.ru 97 -- Invalid e-mail 'pzxqirnp.mail.ru'
Ли fkp@mail.ru 8 -- Age must be between 10 and 99!
Земфира666 rvhajqvv@ya.ru 40 -- Invalid name 'Земфира666'
Ольга oivsrkk@ya.ru 7 -- Age must be between 10 and 99!
Степан42 laydgwwjwn@mail.ru 11 -- Invalid name 'Степан42'
Джигурда -- Not all required data provided!
Ли mavu@ya.ru 100 -- Age must be between 10 and 99!
Тролль 54 -- Not all required data provided!
Дмитрий!!!!1 bvkk@mail.ru 26 -- Invalid name 'Дмитрий!!!!1'
Равшан42 ezntle@ya.ru 37 -- Invalid name 'Равшан42'
Тролль fsllueom@ya.ru 9 -- Age must be between 10 and 99!
Муммий ufauvx@gmail.com 9 -- Age must be between 10 and 99!
Муммий wznghtc@ya.ru 100 -- Age must be between 10 and 99!
Чонгкун hvro 22 -- Invalid e-mail 'hvro'
Ли wqpe@ya.ru 100 -- Age must be between 10 and 99!
Чехова zirisuryve.mail.ru 58 -- Invalid e-mail 'zirisuryve.mail.ru'
Джигурда!!!!1 dyenaemmiv@ya.ru 9 -- Invalid name 'Джигурда!!!!1'
Ярослав zvb@gmail.com 101 -- Age must be between 10 and 99!
Муммий42 sfghcwc@mail.ru 100 -- Invalid name 'Муммий42'
Ольга 53 -- Not all required data provided!
 -- Not all required data provided!
Гнойный jvqjo@ya.ru 101 -- Age must be between 10 and 99!
Волочкова mwyte@gmail.com 9 -- Age must be between 10 and 99!
Бузова zmcty 30 -- Invalid e-mail 'zmcty'
Джигурда42 cgmyyleo@ya.ru 62 -- Invalid name 'Джигурда42'
Хенг ihswkiplw.ru 53 -- Invalid e-mail 'ihswkiplw.ru'
Чонгкун 24 -- Not all required data provided!
Равшан jlo.mail.ru 71 -- Invalid e-mail 'jlo.mail.ru'
 -- Not all required data provided!
Гнойный42 ooscn@mail.ru 55 -- Invalid name 'Гнойный42'
Тролль!!!!1 gyvjmzanae@gmail.com 26 -- Invalid name 'Тролль!!!!1'
Нагиев42 jrjhg@gmail.com 73 -- Invalid name 'Нагиев42'
Ван42 scca@mail.ru 18 -- Invalid name 'Ван42'
Владимир42 zphtkio@gmail.com 11 -- Invalid name 'Владимир42'
Ольга 98 vlhqzb@gmail.com -- Invalid e-mail '98'
Яочуан zgfmcpz@gmail.com 7 -- Age must be between 10 and 99!
Ярослав rgdcnbxfigvam 32 -- Invalid e-mail 'rgdcnbxfigvam'
Хенг42 mgf@gmail.com 89 -- Invalid name 'Хенг42'
Джамшут drzi@mail.ru 101 -- Age must be between 10 and 99!
Артём akttamj@ya.ru 100 -- Age must be between 10 and 99!
Ван lfrvjvbihy@gmail.com 9 -- Age must be between 10 and 99!
Ольга aj@mail.ru 101 -- Age must be between 10 and 99!
Ольга hg 22 -- Invalid e-mail 'hg'
Муммий uddygjvo@ya.ru 7 -- Age must be between 10 and 99!
Бузова fnfankwxld@ya.ru 8 -- Age must be between 10 and 99!
Волочкова nmilvddubzfigvam 16 -- Invalid e-mail 'nmilvddubzfigvam'
 -- Not all required data provided!
Джамшут agicbvccqx@gmail.com 101 -- Age must be between 10 and 99!
Чехова apiigtuhb.ru 31 -- Invalid e-mail 'apiigtuhb.ru'
Джамшут ufaukzgft@gmail.com 7 -- Age must be between 10 and 99!
 -- Not all required data provided!
Владимир!!!!1 fxjmh@gmail.com 97 -- Invalid name 'Владимир!!!!1'
 -- Not all required data provided!
Ярослав!!!!1 wwmnsfvj@ya.ru 27 -- Invalid name 'Ярослав!!!!1'
Мария zpcmjr@gmail.com 8 -- Age must be between 10 and 99!
Чехова42 eezcpy@mail.ru 90 -- Invalid name 'Чехова42'
Михаил 28 ilehibygt@mail.ru -- Invalid e-mail '28'
Ярослав 63 eaxnuai@ya.ru -- Invalid e-mail '63'
Хенг666 onttosa@ya.ru 81 -- Invalid name 'Хенг666'
Ярослав666 vv@ya.ru 72 -- Invalid name 'Ярослав666'
Дмитрий 34 jccinp@mail.ru -- Invalid e-mail '34'
Ольга666 ibfzjk@ya.ru 91 -- Invalid name 'Ольга666'
Земфира zhrfgfpc 82 -- Invalid e-mail 'zhrfgfpc'
Нагиев gsf@gmail.com 8 -- Age must be between 10 and 99!
Степан666 tkzvgm@mail.ru 72 -- Invalid name 'Степан666'
Геннадий666 gev@ya.ru 89 -- Invalid name 'Геннадий666'
Земфира lletd@mail.ru 7 -- Age must be between 10 and 99!
Владимир666 qudalgiaqm@gmail.com 65 -- Invalid name 'Владимир666'
Владимир!!!!1 qzgghw@gmail.com 12 -- Invalid name 'Владимир!!!!1'
Сянцзян osopkc@gmail.com 7 -- Age must be between 10 and 99!
Мария mnfigvam 22 -- Invalid e-mail 'mnfigvam'
Артём pudlfmzpwi@mail.ru 100 -- Age must be between 10 and 99!
Земфира duyfg@gmail.com 7 -- Age must be between 10 and 99!
Муммий666 bh@gmail.com 39 -- Invalid name 'Муммий666'
Волочкова hk@gmail.com 7 -- Age must be between 10 and 99!
Ольга sunia.mail.ru 68 -- Invalid e-mail 'sunia.mail.ru'
 -- Not all required data provided!
Нагиев hekhxxlfigvam 67 -- Invalid e-mail 'hekhxxlfigvam'
79 -- Not all required data provided!
 -- Not all required data provided!
Ван42 xm@gmail.com 30 -- Invalid name 'Ван42'
Геннадий ipddomkxs@ya.ru 100 -- Age must be between 10 and 99!
Ярослав mjp@ya.ru 101 -- Age must be between 10 and 99!
Степан ueubww@mail.ru 8 -- Age must be between 10 and 99!
Ли!!!!1 srjvpum@gmail.com 65 -- Invalid name 'Ли!!!!1'
Чехова 23 fogfgwr@ya.ru -- Invalid e-mail '23'
Дмитрий 33 bewlfhvxxv@ya.ru -- Invalid e-mail '33'
 -- Not all required data provided!
Бузова 85 ymtcb@mail.ru -- Invalid e-mail '85'
Равшан!!!!1 wxh@mail.ru 14 -- Invalid name 'Равшан!!!!1'
 -- Not all required data provided!
Чонгкун 13 rqkwufl@ya.ru -- Invalid e-mail '13'
Нагиев666 jebsjraw@ya.ru 61 -- Invalid name 'Нагиев666'
Дмитрий xkveyjt.ru 90 -- Invalid e-mail 'xkveyjt.ru'
Хенг!!!!1 kxp@gmail.com 62 -- Invalid name 'Хенг!!!!1'
Нагиев666 ou@mail.ru 27 -- Invalid name 'Нагиев666'
Земфира abfigvam 95 -- Invalid e-mail 'abfigvam'
Ярослав xx.mail.ru 43 -- Invalid e-mail 'xx.mail.ru'
Волочкова oefgutnvw@mail.ru 101 -- Age must be between 10 and 99!
Яочуан666 vtkmd@ya.ru 30 -- Invalid name 'Яочуан666'
Ольга42 dh@ya.ru 25 -- Invalid name 'Ольга42'
Ли ugbeuptrtn@ya.ru 7 -- Age must be between 10 and 99!
Сянцзян!!!!1 eofcojuehm@ya.ru 32 -- Invalid name 'Сянцзян!!!!1'
Равшан ab.ru 13 -- Invalid e-mail 'ab.ru'
Яочуан!!!!1 hrkqrm@mail.ru 80 -- Invalid name 'Яочуан!!!!1'
Артём!!!!1 qafsowppis@gmail.com 43 -- Invalid name 'Артём!!!!1'
Джигурда htufigvam 16 -- Invalid e-mail 'htufigvam'
Земфира klzjeoxnq@ya.ru 100 -- Age must be between 10 and 99!
Яочуан mmbbjfmwb@ya.ru 9 -- Age must be between 10 and 99!
Нагиев ap@mail.ru 8 -- Age must be between 10 and 99!
Ольга666 vr@mail.ru 101 -- Invalid name 'Ольга666'
Сянцзян nrg@gmail.com 7 -- Age must be between 10 and 99!
62 -- Not all required data provided!
Мария koieqn@mail.ru 7 -- Age must be between 10 and 99!
Чехова 86 -- Not all required data provided!
Дмитрий tdrc@gmail.com 100 -- Age must be between 10 and 99!
Равшан -- Not all required data provided!
Равшан gwtfigvam 92 -- Invalid e-mail 'gwtfigvam'
Мария666 fxkiz@mail.ru 66 -- Invalid name 'Мария666'
Ли ieutg.ru 78 -- Invalid e-mail 'ieutg.ru'
Степан egevtifebg@gmail.com 101 -- Age must be between 10 and 99!
Равшан pvtwyqxc@gmail.com 8 -- Age must be between 10 and 99!
 -- Not all required data provided!
Земфира eqmwug@mail.ru 101 -- Age must be between 10 and 99!
Чонгкун gysadqnc@gmail.com 8 -- Age must be between 10 and 99!
pt@ya.ru -- Not all required data provided!
Ли luzo@gmail.com 8 -- Age must be between 10 and 99!
Гнойный xyvjancymu@mail.ru 9 -- Age must be between 10 and 99!
Ван fierz@gmail.com 8 -- Age must be between 10 and 99!
 -- Not all required data provided!
Владимир666 hjwqgntzb@gmail.com 70 -- Invalid name 'Владимир666'
Джамшут42 mutpfnzqy@mail.ru 63 -- Invalid name 'Джамшут42'
Ли zauapqu.ru 32 -- Invalid e-mail 'zauapqu.ru'
Хенг gn.mail.ru 75 -- Invalid e-mail 'gn.mail.ru'
Ольга nx 57 -- Invalid e-mail 'nx'
Ли mydowr@ya.ru 100 -- Age must be between 10 and 99!
Ли finxkaeqo@mail.ru 7 -- Age must be between 10 and 99!
Артём okodti@gmail.com 9 -- Age must be between 10 and 99!
Дмитрий hqgon@ya.ru 8 -- Age must be between 10 and 99!
 -- Not all required data provided!
Равшан xjsibxpos@mail.ru 8 -- Age must be between 10 and 99!
Чехова 80 lsyfvzjhx@gmail.com -- Invalid e-mail '80'
Чехова42 fqsgq@ya.ru 75 -- Invalid name 'Чехова42'
Артём irrx 8 -- Invalid e-mail 'irrx'
Степан hnkomvo@ya.ru 8 -- Age must be between 10 and 99!
Ли gggep@mail.ru 7 -- Age must be between 10 and 99!
Нагиев 39 xexcn@mail.ru -- Invalid e-mail '39'
Мария dpdkgrk@mail.ru 9 -- Age must be between 10 and 99!
Чехова slouvlfjhp.mail.ru 101 -- Invalid e-mail 'slouvlfjhp.mail.ru'
Ольга jgsvnytwj@gmail.com 100 -- Age must be between 10 and 99!
Волочкова ofkuhzxqa@mail.ru 100 -- Age must be between 10 and 99!
Земфира vegfigvam 79 -- Invalid e-mail 'vegfigvam'
Степан npghipo@ya.ru 8 -- Age must be between 10 and 99!
Анна verpjfigvam 98 -- Invalid e-mail 'verpjfigvam'
Бузова hunjg 57 -- Invalid e-mail 'hunjg'
Ли wnqnnhqnu@gmail.com 100 -- Age must be between 10 and 99!
Ли duejc@mail.ru 101 -- Age must be between 10 and 99!
Гнойный jezdkxv.mail.ru 32 -- Invalid e-mail 'jezdkxv.mail.ru'
Хенг texclyvv@ya.ru 7 -- Age must be between 10 and 99!
 -- Not all required data provided!
Равшан dhoyzo.mail.ru 59 -- Invalid e-mail 'dhoyzo.mail.ru'
Равшан hhwldj@mail.ru 101 -- Age must be between 10 and 99!
Нагиев 32 ddqkqncsc@mail.ru -- Invalid e-mail '32'
Геннадий gku@mail.ru 100 -- Age must be between 10 and 99!
Ван vv.ru 28 -- Invalid e-mail 'vv.ru'
Михаил mqfigvam 42 -- Invalid e-mail 'mqfigvam'
Геннадий ztwc@gmail.com 101 -- Age must be between 10 and 99!
Сянцзян -- Not all required data provided!
Джигурда ddvn@mail.ru 101 -- Age must be between 10 and 99!
40 vdetvumek@gmail.com -- Not all required data provided!
Хенг wnnokxhfi@ya.ru 7 -- Age must be between 10 and 99!
Ярослав lbywftp@mail.ru 9 -- Age must be between 10 and 99!
Земфира vuzzvyh@gmail.com 9 -- Age must be between 10 and 99!
Ван lpu@ya.ru 101 -- Age must be between 10 and 99!
Яочуан yuz@gmail.com 9 -- Age must be between 10 and 99!
Джамшут rfaxstwl@ya.ru 7 -- Age must be between 10 and 99!
Анна anfh 36 -- Invalid e-mail 'anfh'
 -- Not all required data provided!
Владимир 79 jwnhvvd@mail.ru -- Invalid e-mail '79'
Ли omk@ya.ru 7 -- Age must be between 10 and 99!
Земфира42 xsxj@mail.ru 91 -- Invalid name 'Земфира42'
Степан zhbrwwfigvam 90 -- Invalid e-mail 'zhbrwwfigvam'
Ли ati@gmail.com 100 -- Age must be between 10 and 99!
Ли pinle@mail.ru 101 -- Age must be between 10 and 99!
Бузова fgmdzbhhus.mail.ru 84 -- Invalid e-mail 'fgmdzbhhus.mail.ru'
Владимир xvrxzprb.ru 66 -- Invalid e-mail 'xvrxzprb.ru'
Ли xltzkbtd 29 -- Invalid e-mail 'xltzkbtd'
Степан faydat 39 -- Invalid e-mail 'faydat'
Степан nlfigvam 18 -- Invalid e-mail 'nlfigvam'
 -- Not all required data provided!
Чехова zlwudasr@ya.ru 9 -- Age must be between 10 and 99!
Земфира666 otxxpaiu@ya.ru 69 -- Invalid name 'Земфира666'
Бузова rdvhta.mail.ru 73 -- Invalid e-mail 'rdvhta.mail.ru'
Сянцзян cvb 34 -- Invalid e-mail 'cvb'
Артём ug 19 -- Invalid e-mail 'ug'
Джамшут lgwoaerkg@gmail.com 101 -- Age must be between 10 and 99!
vcbqv@mail.ru -- Not all required data provided!
Джамшут qnju 15 -- Invalid e-mail 'qnju'
Волочкова vbw@ya.ru 7 -- Age must be between 10 and 99!
Чехова hymvrilgca.ru 29 -- Invalid e-mail 'hymvrilgca.ru'
Чехова xzxezuwdo@mail.ru 8 -- Age must be between 10 and 99!
Михаил kpwnmczyg@ya.ru 7 -- Age must be between 10 and 99!
Сянцзян ddsto@mail.ru 9 -- Age must be between 10 and 99!
Земфира jiul 26 -- Invalid e-mail 'jiul'
Хенг wdigvfokm@mail.ru -- Not all required data provided!
Равшан hjleuh@gmail.com 7 -- Age must be between 10 and 99!
Тролль zlivjohx@ya.ru 100 -- Age must be between 10 and 99!
Артём wsqxhe.mail.ru 59 -- Invalid e-mail 'wsqxhe.mail.ru'
 -- Not all required data provided!
Артём grhwwz@gmail.com 9 -- Age must be between 10 and 99!
Чонгкун hcfuvw 87 -- Invalid e-mail 'hcfuvw'
Ольга ia@gmail.com 8 -- Age must be between 10 and 99!
Степан ay@ya.ru 8 -- Age must be between 10 and 99!
Чонгкун wrmis@ya.ru 101 -- Age must be between 10 and 99!
Геннадий 60 qe@mail.ru -- Invalid e-mail '60'
Ольга -- Not all required data provided!
Анна aqkdbkyeb@gmail.com 9 -- Age must be between 10 and 99!
Владимир wv.ru 69 -- Invalid e-mail 'wv.ru'
Анна42 ed@mail.ru 17 -- Invalid name 'Анна42'
Бузова xoyg@mail.ru 7 -- Age must be between 10 and 99!
Джамшут depp@gmail.com 100 -- Age must be between 10 and 99!
Муммий!!!!1 scqo@mail.ru 94 -- Invalid name 'Муммий!!!!1'
Владимир grrnerwhl@ya.ru 101 -- Age must be between 10 and 99!
Ли vjarik@ya.ru 7 -- Age must be between 10 and 99!
Джамшут 34 -- Not all required data provided!
Яочуан kcbataacan@ya.ru 100 -- Age must be between 10 and 99!
 -- Not all required data provided!
Тролль vfgb.mail.ru 60 -- Invalid e-mail 'vfgb.mail.ru'
Сянцзян ep.mail.ru 58 -- Invalid e-mail 'ep.mail.ru'
Хенг qgonstc@mail.ru 7 -- Age must be between 10 and 99!
Джигурда!!!!1 xpomzztfou@mail.ru 64 -- Invalid name 'Джигурда!!!!1'
Анна qcsrfjho@ya.ru 100 -- Age must be between 10 and 99!
Анна whlbfloq.mail.ru 93 -- Invalid e-mail 'whlbfloq.mail.ru'
 -- Not all required data provided!
Михаил666 kssuv@gmail.com 99 -- Invalid name 'Михаил666'
Ли ivmjtzik@ya.ru 101 -- Age must be between 10 and 99!
Волочкова lulntpfigvam 26 -- Invalid e-mail 'lulntpfigvam'
Чонгкун ogoujvw@mail.ru 7 -- Age must be between 10 and 99!
Волочкова666 qpaiijbtfigvam 55 -- Invalid name 'Волочкова666'
Чехова twfaumdygs 33 -- Invalid e-mail 'twfaumdygs'
Ван42 vpvya@ya.ru 15 -- Invalid name 'Ван42'
Дмитрий py@gmail.com -- Not all required data provided!
Пенг qwenv@gmail.com 101 -- Age must be between 10 and 99!
Анна666 zvuc@gmail.com 25 -- Invalid name 'Анна666'
Геннадий 10 sdnri@mail.ru -- Invalid e-mail '10'
Гнойный fj@mail.ru 101 -- Age must be between 10 and 99!
Муммий vksqce@mail.ru 8 -- Age must be between 10 and 99!
Чехова jewi@gmail.com 100 -- Age must be between 10 and 99!
Волочкова ojzvn@mail.ru 8 -- Age must be between 10 and 99!
Геннадий 77 -- Not all required data provided!
Сянцзян 97 xangyo@ya.ru -- Invalid e-mail '97'
Гнойный jproimqazq@gmail.com 7 -- Age must be between 10 and 99!
Анна hwqdzkt 85 -- Invalid e-mail 'hwqdzkt'
Пенг ft@mail.ru -- Not all required data provided!
Ли rpsbjxcidy@ya.ru 8 -- Age must be between 10 and 99!
Геннадий jrfxflls@ya.ru 101 -- Age must be between 10 and 99!
Чонгкун 51 gaugtep@mail.ru -- Invalid e-mail '51'
Геннадий xdrmu@mail.ru 9 -- Age must be between 10 and 99!
Джамшут 63 -- Not all required data provided!
Дмитрий imkjxt@gmail.com 100 -- Age must be between 10 and 99!
Хенг flsiogmwfv.mail.ru 60 -- Invalid e-mail 'flsiogmwfv.mail.ru'
Степан cwpxzmvcys@mail.ru 100 -- Age must be between 10 and 99!
Волочкова ccni@gmail.com 100 -- Age must be between 10 and 99!
Джамшут -- Not all required data provided!
Хенг rlbvvaq 21 -- Invalid e-mail 'rlbvvaq'
Анна qi@ya.ru 101 -- Age must be between 10 and 99!
Джамшут bumqppdlj@mail.ru 101 -- Age must be between 10 and 99!
Тролль sw 54 -- Invalid e-mail 'sw'
Джамшут qtm@mail.ru 100 -- Age must be between 10 and 99!
Джигурда42 byuxfoyigk@ya.ru 21 -- Invalid name 'Джигурда42'
Ли ykpenvzfigvam 39 -- Invalid e-mail 'ykpenvzfigvam'
98 -- Not all required data provided!
Земфира azxq 82 -- Invalid e-mail 'azxq'
Ли yaagqzrje@gmail.com 101 -- Age must be between 10 and 99!
Артём by@gmail.com 101 -- Age must be between 10 and 99!
Яочуан bpn@ya.ru 8 -- Age must be between 10 and 99!
Чонгкун sayoo@ya.ru 100 -- Age must be between 10 and 99!
Яочуан42 zihdblwz@mail.ru 98 -- Invalid name 'Яочуан42'
Ольга hrvxhaieg@mail.ru 101 -- Age must be between 10 and 99!
Чехова ieiq@gmail.com 100 -- Age must be between 10 and 99!
Владимир edx@ya.ru 100 -- Age must be between 10 and 99!
Равшан mdza.ru 94 -- Invalid e-mail 'mdza.ru'
61 -- Not all required data provided!
Джамшут666 kjw@gmail.com 25 -- Invalid name 'Джамшут666'
Бузова uri@mail.ru 8 -- Age must be between 10 and 99!
Гнойный dbvk@mail.ru 100 -- Age must be between 10 and 99!
Ван rgjaqkqs@gmail.com 8 -- Age must be between 10 and 99!
Волочкова mnu@mail.ru 8 -- Age must be between 10 and 99!
Ли42 vqffrrlfh@gmail.com 99 -- Invalid name 'Ли42'
Тролль666 se@mail.ru 52 -- Invalid name 'Тролль666'
Дмитрий xayinimkz@mail.ru 7 -- Age must be between 10 and 99!
